  [1m[35m (2.6ms)[0m  [1m[35mCREATE TABLE "schema_migrations" ("version" varchar NOT NULL PRIMARY KEY) /*application='Camaar'*/[0m
  [1m[35m (0.4ms)[0m  [1m[35mCREATE TABLE "ar_internal_metadata" ("key" varchar NOT NULL PRIMARY KEY, "value" varchar, "created_at" datetime(6) NOT NULL, "updated_at" datetime(6) NOT NULL) /*application='Camaar'*/[0m
  [1m[36mActiveRecord::InternalMetadata Load (0.2ms)[0m  [1m[34mSELECT * FROM "ar_internal_metadata" WHERE "ar_internal_metadata"."key" = 'environment' ORDER BY "ar_internal_metadata"."key" ASC LIMIT 1 /*application='Camaar'*/[0m
  [1m[36mActiveRecord::InternalMetadata Create (0.2ms)[0m  [1m[32mINSERT INTO "ar_internal_metadata" ("key", "value", "created_at", "updated_at") VALUES ('environment', 'development', '2025-07-07 19:15:57.644407', '2025-07-07 19:15:57.644411') RETURNING "key" /*application='Camaar'*/[0m
  [1m[36mActiveRecord::SchemaMigration Load (0.3ms)[0m  [1m[34mSELECT "schema_migrations"."version" FROM "schema_migrations" ORDER BY "schema_migrations"."version" ASC /*application='Camaar'*/[0m
  [1m[36mActiveRecord::SchemaMigration Load (4.8ms)[0m  [1m[34mSELECT "schema_migrations"."version" FROM "schema_migrations" ORDER BY "schema_migrations"."version" ASC /*application='Camaar'*/[0m
  [1m[36mActiveRecord::SchemaMigration Load (0.1ms)[0m  [1m[34mSELECT "schema_migrations"."version" FROM "schema_migrations" ORDER BY "schema_migrations"."version" ASC /*application='Camaar'*/[0m
  [1m[36mActiveRecord::SchemaMigration Load (0.1ms)[0m  [1m[34mSELECT "schema_migrations"."version" FROM "schema_migrations" ORDER BY "schema_migrations"."version" ASC /*application='Camaar'*/[0m
  [1m[35m (3.2ms)[0m  [1m[32mINSERT INTO "schema_migrations" (version) VALUES (0) /*application='Camaar'*/[0m
  [1m[36mActiveRecord::InternalMetadata Load (0.7ms)[0m  [1m[34mSELECT * FROM "ar_internal_metadata" WHERE "ar_internal_metadata"."key" = 'environment' ORDER BY "ar_internal_metadata"."key" ASC LIMIT 1 /*application='Camaar'*/[0m
  [1m[36mActiveRecord::InternalMetadata Load (0.2ms)[0m  [1m[34mSELECT * FROM "ar_internal_metadata" WHERE "ar_internal_metadata"."key" = 'environment' ORDER BY "ar_internal_metadata"."key" ASC LIMIT 1 /*application='Camaar'*/[0m
  [1m[36mActiveRecord::InternalMetadata Load (0.3ms)[0m  [1m[34mSELECT * FROM "ar_internal_metadata" WHERE "ar_internal_metadata"."key" = 'schema_sha1' ORDER BY "ar_internal_metadata"."key" ASC LIMIT 1 /*application='Camaar'*/[0m
  [1m[36mActiveRecord::InternalMetadata Create (0.6ms)[0m  [1m[32mINSERT INTO "ar_internal_metadata" ("key", "value", "created_at", "updated_at") VALUES ('schema_sha1', '304fe853693c8703e374a9e1a59433c7d63e9ef6', '2025-07-07 19:16:10.500472', '2025-07-07 19:16:10.500476') RETURNING "key" /*application='Camaar'*/[0m
  [1m[35m (2.6ms)[0m  [1m[35mCREATE TABLE "schema_migrations" ("version" varchar NOT NULL PRIMARY KEY) /*application='Camaar'*/[0m
  [1m[36mActiveRecord::SchemaMigration Load (0.7ms)[0m  [1m[34mSELECT "schema_migrations"."version" FROM "schema_migrations" ORDER BY "schema_migrations"."version" ASC /*application='Camaar'*/[0m
  [1m[35m (0.1ms)[0m  [1m[32mINSERT INTO "schema_migrations" (version) VALUES (0) /*application='Camaar'*/[0m
  [1m[35m (0.3ms)[0m  [1m[35mCREATE TABLE "ar_internal_metadata" ("key" varchar NOT NULL PRIMARY KEY, "value" varchar, "created_at" datetime(6) NOT NULL, "updated_at" datetime(6) NOT NULL) /*application='Camaar'*/[0m
  [1m[36mActiveRecord::InternalMetadata Load (0.1ms)[0m  [1m[34mSELECT * FROM "ar_internal_metadata" WHERE "ar_internal_metadata"."key" = 'environment' ORDER BY "ar_internal_metadata"."key" ASC LIMIT 1 /*application='Camaar'*/[0m
  [1m[36mActiveRecord::InternalMetadata Create (0.3ms)[0m  [1m[32mINSERT INTO "ar_internal_metadata" ("key", "value", "created_at", "updated_at") VALUES ('environment', 'development', '2025-07-07 19:16:10.535381', '2025-07-07 19:16:10.535384') RETURNING "key" /*application='Camaar'*/[0m
  [1m[36mActiveRecord::InternalMetadata Load (0.2ms)[0m  [1m[34mSELECT * FROM "ar_internal_metadata" WHERE "ar_internal_metadata"."key" = 'environment' ORDER BY "ar_internal_metadata"."key" ASC LIMIT 1 /*application='Camaar'*/[0m
  [1m[36mActiveRecord::InternalMetadata Update (1.8ms)[0m  [1m[33mUPDATE "ar_internal_metadata" SET "value" = 'test', "updated_at" = '2025-07-07 19:16:10.544538' WHERE "ar_internal_metadata"."key" = 'environment' /*application='Camaar'*/[0m
  [1m[36mActiveRecord::InternalMetadata Load (0.1ms)[0m  [1m[34mSELECT * FROM "ar_internal_metadata" WHERE "ar_internal_metadata"."key" = 'schema_sha1' ORDER BY "ar_internal_metadata"."key" ASC LIMIT 1 /*application='Camaar'*/[0m
  [1m[36mActiveRecord::InternalMetadata Create (2.0ms)[0m  [1m[32mINSERT INTO "ar_internal_metadata" ("key", "value", "created_at", "updated_at") VALUES ('schema_sha1', '304fe853693c8703e374a9e1a59433c7d63e9ef6', '2025-07-07 19:16:10.555345', '2025-07-07 19:16:10.555350') RETURNING "key" /*application='Camaar'*/[0m
  [1m[36mActiveRecord::SchemaMigration Load (0.6ms)[0m  [1m[34mSELECT "schema_migrations"."version" FROM "schema_migrations" ORDER BY "schema_migrations"."version" ASC /*application='Camaar'*/[0m
Started GET "/" for 127.0.0.1 at 2025-07-07 17:58:40 -0300
  [1m[36mActiveRecord::SchemaMigration Load (5.8ms)[0m  [1m[34mSELECT "schema_migrations"."version" FROM "schema_migrations" ORDER BY "schema_migrations"."version" ASC /*application='Camaar'*/[0m
Processing by Rails::WelcomeController#index as HTML
  Rendering /home/vinicius/.local/share/mise/installs/ruby/3.3.1/lib/ruby/gems/3.3.0/gems/railties-8.0.2/lib/rails/templates/rails/welcome/index.html.erb
  Rendered /home/vinicius/.local/share/mise/installs/ruby/3.3.1/lib/ruby/gems/3.3.0/gems/railties-8.0.2/lib/rails/templates/rails/welcome/index.html.erb (Duration: 23.4ms | GC: 0.0ms)
Completed 200 OK in 638ms (Views: 112.6ms | ActiveRecord: 0.0ms (0 queries, 0 cached) | GC: 0.0ms)


  [1m[36mActiveRecord::SchemaMigration Load (1.0ms)[0m  [1m[34mSELECT "schema_migrations"."version" FROM "schema_migrations" ORDER BY "schema_migrations"."version" ASC /*application='Camaar'*/[0m
  [1m[36mActiveRecord::InternalMetadata Load (0.7ms)[0m  [1m[34mSELECT * FROM "ar_internal_metadata" WHERE "ar_internal_metadata"."key" = 'environment' ORDER BY "ar_internal_metadata"."key" ASC LIMIT 1 /*application='Camaar'*/[0m
  [1m[36mActiveRecord::SchemaMigration Load (0.1ms)[0m  [1m[34mSELECT "schema_migrations"."version" FROM "schema_migrations" ORDER BY "schema_migrations"."version" ASC /*application='Camaar'*/[0m
Migrating to CreateUsers (20250708181939)
  [1m[36mTRANSACTION (0.1ms)[0m  [1m[35mBEGIN immediate TRANSACTION /*application='Camaar'*/[0m
  [1m[35m (3.6ms)[0m  [1m[35mCREATE TABLE "users" ("id" integer PRIMARY KEY AUTOINCREMENT NOT NULL, "name" varchar, "email" varchar, "password_digest" varchar, "role" varchar, "created_at" datetime(6) NOT NULL, "updated_at" datetime(6) NOT NULL) /*application='Camaar'*/[0m
  [1m[36mActiveRecord::SchemaMigration Create (0.2ms)[0m  [1m[32mINSERT INTO "schema_migrations" ("version") VALUES ('20250708181939') RETURNING "version" /*application='Camaar'*/[0m
  [1m[36mTRANSACTION (2.0ms)[0m  [1m[35mCOMMIT TRANSACTION /*application='Camaar'*/[0m
Migrating to CreateQuestionnaires (20250708181955)
  [1m[36mTRANSACTION (0.1ms)[0m  [1m[35mBEGIN immediate TRANSACTION /*application='Camaar'*/[0m
  [1m[35m (2.8ms)[0m  [1m[35mCREATE TABLE "questionnaires" ("id" integer PRIMARY KEY AUTOINCREMENT NOT NULL, "title" varchar, "description" text, "active" boolean, "created_at" datetime(6) NOT NULL, "updated_at" datetime(6) NOT NULL) /*application='Camaar'*/[0m
  [1m[36mActiveRecord::SchemaMigration Create (0.3ms)[0m  [1m[32mINSERT INTO "schema_migrations" ("version") VALUES ('20250708181955') RETURNING "version" /*application='Camaar'*/[0m
  [1m[36mTRANSACTION (0.4ms)[0m  [1m[35mCOMMIT TRANSACTION /*application='Camaar'*/[0m
Migrating to CreateQuestions (20250708182002)
  [1m[36mTRANSACTION (8.3ms)[0m  [1m[35mBEGIN immediate TRANSACTION /*application='Camaar'*/[0m
  [1m[35m (12.7ms)[0m  [1m[35mCREATE TABLE "questions" ("id" integer PRIMARY KEY AUTOINCREMENT NOT NULL, "questionnaire_id" integer NOT NULL, "content" varchar, "created_at" datetime(6) NOT NULL, "updated_at" datetime(6) NOT NULL, CONSTRAINT "fk_rails_8c4848c0c5"
FOREIGN KEY ("questionnaire_id")
  REFERENCES "questionnaires" ("id")
) /*application='Camaar'*/[0m
  [1m[35m (0.2ms)[0m  [1m[35mCREATE INDEX "index_questions_on_questionnaire_id" ON "questions" ("questionnaire_id") /*application='Camaar'*/[0m
  [1m[36mActiveRecord::SchemaMigration Create (4.0ms)[0m  [1m[32mINSERT INTO "schema_migrations" ("version") VALUES ('20250708182002') RETURNING "version" /*application='Camaar'*/[0m
  [1m[36mTRANSACTION (0.8ms)[0m  [1m[35mCOMMIT TRANSACTION /*application='Camaar'*/[0m
Migrating to CreateAnswers (20250708182008)
  [1m[36mTRANSACTION (0.1ms)[0m  [1m[35mBEGIN immediate TRANSACTION /*application='Camaar'*/[0m
  [1m[35m (10.3ms)[0m  [1m[35mCREATE TABLE "answers" ("id" integer PRIMARY KEY AUTOINCREMENT NOT NULL, "user_id" integer NOT NULL, "question_id" integer NOT NULL, "content" text, "created_at" datetime(6) NOT NULL, "updated_at" datetime(6) NOT NULL, CONSTRAINT "fk_rails_584be190c2"
FOREIGN KEY ("user_id")
  REFERENCES "users" ("id")
, CONSTRAINT "fk_rails_3d5ed4418f"
FOREIGN KEY ("question_id")
  REFERENCES "questions" ("id")
) /*application='Camaar'*/[0m
  [1m[35m (0.2ms)[0m  [1m[35mCREATE INDEX "index_answers_on_user_id" ON "answers" ("user_id") /*application='Camaar'*/[0m
  [1m[35m (0.2ms)[0m  [1m[35mCREATE INDEX "index_answers_on_question_id" ON "answers" ("question_id") /*application='Camaar'*/[0m
  [1m[36mActiveRecord::SchemaMigration Create (0.8ms)[0m  [1m[32mINSERT INTO "schema_migrations" ("version") VALUES ('20250708182008') RETURNING "version" /*application='Camaar'*/[0m
  [1m[36mTRANSACTION (1.5ms)[0m  [1m[35mCOMMIT TRANSACTION /*application='Camaar'*/[0m
  [1m[36mActiveRecord::SchemaMigration Load (0.1ms)[0m  [1m[34mSELECT "schema_migrations"."version" FROM "schema_migrations" ORDER BY "schema_migrations"."version" ASC /*application='Camaar'*/[0m
Started GET "/" for 127.0.0.1 at 2025-07-08 15:33:19 -0300
  [1m[36mActiveRecord::SchemaMigration Load (1.8ms)[0m  [1m[34mSELECT "schema_migrations"."version" FROM "schema_migrations" ORDER BY "schema_migrations"."version" ASC /*application='Camaar'*/[0m
Processing by SessionsController#new as HTML
  Rendering layout layouts/application.html.erb
  Rendering sessions/new.html.erb within layouts/application
  Rendered sessions/new.html.erb within layouts/application (Duration: 16.1ms | GC: 0.2ms)
  Rendered layout layouts/application.html.erb (Duration: 44.4ms | GC: 1.3ms)
Completed 200 OK in 175ms (Views: 57.9ms | ActiveRecord: 0.0ms (0 queries, 0 cached) | GC: 23.6ms)


Started GET "/assets/application-8b441ae0.css" for 127.0.0.1 at 2025-07-08 15:33:20 -0300
Started GET "/assets/application-bfcdf840.js" for 127.0.0.1 at 2025-07-08 15:33:20 -0300
Started GET "/assets/stimulus.min-4b1e420e.js" for 127.0.0.1 at 2025-07-08 15:33:20 -0300
Started GET "/assets/turbo.min-3a2e143f.js" for 127.0.0.1 at 2025-07-08 15:33:20 -0300
Started GET "/assets/controllers/index-ee64e1f1.js" for 127.0.0.1 at 2025-07-08 15:33:20 -0300
Started GET "/assets/controllers/hello_controller-708796bd.js" for 127.0.0.1 at 2025-07-08 15:33:20 -0300
Started GET "/assets/controllers/application-3affb389.js" for 127.0.0.1 at 2025-07-08 15:33:20 -0300
Started GET "/assets/stimulus-loading-1fc53fe7.js" for 127.0.0.1 at 2025-07-08 15:33:20 -0300
Started POST "/login" for 127.0.0.1 at 2025-07-08 15:33:38 -0300
Processing by SessionsController#create as TURBO_STREAM
  Parameters: {"authenticity_token"=>"[FILTERED]", "email"=>"[FILTERED]", "password"=>"[FILTERED]", "commit"=>"Entrar"}
Completed 500 Internal Server Error in 86ms (ActiveRecord: 0.0ms (0 queries, 0 cached) | GC: 0.0ms)


  
ArgumentError (wrong number of arguments (given 0, expected 1..2)):
  
app/models/user.rb:4:in `<class:User>'
app/models/user.rb:1:in `<main>'
app/controllers/sessions_controller.rb:6:in `create'
Started GET "/" for 127.0.0.1 at 2025-07-08 15:35:01 -0300
  [1m[36mActiveRecord::SchemaMigration Load (1.1ms)[0m  [1m[34mSELECT "schema_migrations"."version" FROM "schema_migrations" ORDER BY "schema_migrations"."version" ASC /*application='Camaar'*/[0m
Processing by SessionsController#new as HTML
  Rendering layout layouts/application.html.erb
  Rendering sessions/new.html.erb within layouts/application
  Rendered sessions/new.html.erb within layouts/application (Duration: 9.0ms | GC: 0.0ms)
  Rendered layout layouts/application.html.erb (Duration: 34.2ms | GC: 1.5ms)
Completed 200 OK in 104ms (Views: 40.3ms | ActiveRecord: 0.0ms (0 queries, 0 cached) | GC: 24.9ms)


Started GET "/assets/application-8b441ae0.css" for 127.0.0.1 at 2025-07-08 15:35:02 -0300
Started GET "/assets/application-bfcdf840.js" for 127.0.0.1 at 2025-07-08 15:35:02 -0300
Started GET "/assets/turbo.min-3a2e143f.js" for 127.0.0.1 at 2025-07-08 15:35:02 -0300
Started GET "/assets/stimulus.min-4b1e420e.js" for 127.0.0.1 at 2025-07-08 15:35:02 -0300
Started GET "/assets/controllers/index-ee64e1f1.js" for 127.0.0.1 at 2025-07-08 15:35:02 -0300
Started GET "/assets/stimulus-loading-1fc53fe7.js" for 127.0.0.1 at 2025-07-08 15:35:02 -0300
Started GET "/assets/controllers/application-3affb389.js" for 127.0.0.1 at 2025-07-08 15:35:02 -0300
Started GET "/assets/controllers/hello_controller-708796bd.js" for 127.0.0.1 at 2025-07-08 15:35:02 -0300
Started POST "/login" for 127.0.0.1 at 2025-07-08 15:35:07 -0300
Processing by SessionsController#create as TURBO_STREAM
  Parameters: {"authenticity_token"=>"[FILTERED]", "email"=>"[FILTERED]", "password"=>"[FILTERED]", "commit"=>"Entrar"}
Completed 500 Internal Server Error in 58ms (ActiveRecord: 0.0ms (0 queries, 0 cached) | GC: 0.0ms)


  
ArgumentError (wrong number of arguments (given 0, expected 1..2)):
  
app/models/user.rb:4:in `<class:User>'
app/models/user.rb:1:in `<main>'
app/controllers/sessions_controller.rb:6:in `create'
Started GET "/" for 127.0.0.1 at 2025-07-08 15:35:20 -0300
Processing by SessionsController#new as HTML
  Rendering layout layouts/application.html.erb
  Rendering sessions/new.html.erb within layouts/application
  Rendered sessions/new.html.erb within layouts/application (Duration: 20.0ms | GC: 0.0ms)
  Rendered layout layouts/application.html.erb (Duration: 39.7ms | GC: 0.0ms)
Completed 200 OK in 82ms (Views: 49.9ms | ActiveRecord: 0.0ms (0 queries, 0 cached) | GC: 0.0ms)


  [1m[36mActiveRecord::InternalMetadata Load (0.2ms)[0m  [1m[34mSELECT * FROM "ar_internal_metadata" WHERE "ar_internal_metadata"."key" = 'environment' ORDER BY "ar_internal_metadata"."key" ASC LIMIT 1 /*application='Camaar'*/[0m
  [1m[36mActiveRecord::SchemaMigration Load (0.1ms)[0m  [1m[34mSELECT "schema_migrations"."version" FROM "schema_migrations" ORDER BY "schema_migrations"."version" ASC /*application='Camaar'*/[0m
Migrating to ChangeRoleToIntegerInUsers (20250708183743)
  [1m[36mTRANSACTION (0.1ms)[0m  [1m[35mBEGIN immediate TRANSACTION /*application='Camaar'*/[0m
  [1m[35mSQL (1.5ms)[0m  [1m[35mPRAGMA foreign_keys /*application='Camaar'*/[0m
  [1m[35mSQL (0.2ms)[0m  [1m[35mPRAGMA defer_foreign_keys /*application='Camaar'*/[0m
  [1m[35m (0.1ms)[0m  [1m[35mPRAGMA defer_foreign_keys = ON /*application='Camaar'*/[0m
  [1m[35m (0.1ms)[0m  [1m[35mPRAGMA foreign_keys = OFF /*application='Camaar'*/[0m
  [1m[35m (0.2ms)[0m  [1m[35mCREATE TEMPORARY TABLE "ausers" ("id" integer PRIMARY KEY AUTOINCREMENT NOT NULL, "name" varchar, "email" varchar, "password_digest" varchar, "role" varchar, "created_at" datetime(6) NOT NULL, "updated_at" datetime(6) NOT NULL) /*application='Camaar'*/[0m
  [1m[35mSQL (2.0ms)[0m  [1m[32mINSERT INTO "ausers" ("id","name","email","password_digest","role","created_at","updated_at")
                     SELECT "id","name","email","password_digest","role","created_at","updated_at" FROM "users" /*application='Camaar'*/[0m
  [1m[35m (0.2ms)[0m  [1m[35mDROP TABLE "users" /*application='Camaar'*/[0m
  [1m[35m (2.4ms)[0m  [1m[35mPRAGMA defer_foreign_keys = 0 /*application='Camaar'*/[0m
  [1m[35m (0.5ms)[0m  [1m[35mPRAGMA foreign_keys = 1 /*application='Camaar'*/[0m
  [1m[36mTRANSACTION (0.7ms)[0m  [1m[31mROLLBACK TRANSACTION /*application='Camaar'*/[0m
  [1m[36mActiveRecord::InternalMetadata Load (0.2ms)[0m  [1m[34mSELECT * FROM "ar_internal_metadata" WHERE "ar_internal_metadata"."key" = 'environment' ORDER BY "ar_internal_metadata"."key" ASC LIMIT 1 /*application='Camaar'*/[0m
  [1m[36mActiveRecord::SchemaMigration Load (0.1ms)[0m  [1m[34mSELECT "schema_migrations"."version" FROM "schema_migrations" ORDER BY "schema_migrations"."version" ASC /*application='Camaar'*/[0m
Migrating to ChangeRoleToIntegerInUsers (20250708183743)
  [1m[36mTRANSACTION (0.1ms)[0m  [1m[35mBEGIN immediate TRANSACTION /*application='Camaar'*/[0m
  [1m[35mSQL (0.6ms)[0m  [1m[35mPRAGMA foreign_keys /*application='Camaar'*/[0m
  [1m[35mSQL (0.1ms)[0m  [1m[35mPRAGMA defer_foreign_keys /*application='Camaar'*/[0m
  [1m[35m (0.1ms)[0m  [1m[35mPRAGMA defer_foreign_keys = ON /*application='Camaar'*/[0m
  [1m[35m (0.1ms)[0m  [1m[35mPRAGMA foreign_keys = OFF /*application='Camaar'*/[0m
  [1m[35m (2.9ms)[0m  [1m[35mCREATE TEMPORARY TABLE "ausers" ("id" integer PRIMARY KEY AUTOINCREMENT NOT NULL, "name" varchar, "email" varchar, "password_digest" varchar, "role" varchar, "created_at" datetime(6) NOT NULL, "updated_at" datetime(6) NOT NULL) /*application='Camaar'*/[0m
  [1m[35mSQL (1.6ms)[0m  [1m[32mINSERT INTO "ausers" ("id","name","email","password_digest","role","created_at","updated_at")
                     SELECT "id","name","email","password_digest","role","created_at","updated_at" FROM "users" /*application='Camaar'*/[0m
  [1m[35m (0.4ms)[0m  [1m[35mDROP TABLE "users" /*application='Camaar'*/[0m
  [1m[35m (6.6ms)[0m  [1m[35mCREATE TABLE "users" ("id" integer PRIMARY KEY AUTOINCREMENT NOT NULL, "name" varchar, "email" varchar, "password_digest" varchar, "created_at" datetime(6) NOT NULL, "updated_at" datetime(6) NOT NULL) /*application='Camaar'*/[0m
  [1m[35mSQL (0.1ms)[0m  [1m[32mINSERT INTO "users" ("id","name","email","password_digest","created_at","updated_at")
                     SELECT "id","name","email","password_digest","created_at","updated_at" FROM "ausers" /*application='Camaar'*/[0m
  [1m[35m (0.2ms)[0m  [1m[35mDROP TABLE "ausers" /*application='Camaar'*/[0m
  [1m[35m (0.1ms)[0m  [1m[35mPRAGMA defer_foreign_keys = 0 /*application='Camaar'*/[0m
  [1m[35m (0.0ms)[0m  [1m[35mPRAGMA foreign_keys = 1 /*application='Camaar'*/[0m
  [1m[35m (0.4ms)[0m  [1m[35mALTER TABLE "users" ADD "role" integer DEFAULT 0 /*application='Camaar'*/[0m
  [1m[36mActiveRecord::SchemaMigration Create (0.1ms)[0m  [1m[32mINSERT INTO "schema_migrations" ("version") VALUES ('20250708183743') RETURNING "version" /*application='Camaar'*/[0m
  [1m[36mTRANSACTION (3.2ms)[0m  [1m[35mCOMMIT TRANSACTION /*application='Camaar'*/[0m
  [1m[36mActiveRecord::SchemaMigration Load (6.4ms)[0m  [1m[34mSELECT "schema_migrations"."version" FROM "schema_migrations" ORDER BY "schema_migrations"."version" ASC /*application='Camaar'*/[0m
Started GET "/" for 127.0.0.1 at 2025-07-08 15:40:27 -0300
  [1m[36mActiveRecord::SchemaMigration Load (1.0ms)[0m  [1m[34mSELECT "schema_migrations"."version" FROM "schema_migrations" ORDER BY "schema_migrations"."version" ASC /*application='Camaar'*/[0m
Processing by SessionsController#new as HTML
  Rendering layout layouts/application.html.erb
  Rendering sessions/new.html.erb within layouts/application
  Rendered sessions/new.html.erb within layouts/application (Duration: 11.3ms | GC: 0.1ms)
  Rendered layout layouts/application.html.erb (Duration: 34.2ms | GC: 1.5ms)
Completed 200 OK in 108ms (Views: 40.5ms | ActiveRecord: 0.0ms (0 queries, 0 cached) | GC: 23.9ms)


Started POST "/login" for 127.0.0.1 at 2025-07-08 15:40:51 -0300
Processing by SessionsController#create as TURBO_STREAM
  Parameters: {"authenticity_token"=>"[FILTERED]", "email"=>"[FILTERED]", "password"=>"[FILTERED]", "commit"=>"Entrar"}
Completed 500 Internal Server Error in 50ms (ActiveRecord: 0.0ms (0 queries, 0 cached) | GC: 0.0ms)


  
ArgumentError (wrong number of arguments (given 0, expected 1..2)):
  
app/models/user.rb:4:in `<class:User>'
app/models/user.rb:1:in `<main>'
app/controllers/sessions_controller.rb:6:in `create'
Started GET "/" for 127.0.0.1 at 2025-07-08 15:41:19 -0300
  [1m[36mActiveRecord::SchemaMigration Load (1.8ms)[0m  [1m[34mSELECT "schema_migrations"."version" FROM "schema_migrations" ORDER BY "schema_migrations"."version" ASC /*application='Camaar'*/[0m
Processing by SessionsController#new as HTML
  Rendering layout layouts/application.html.erb
  Rendering sessions/new.html.erb within layouts/application
  Rendered sessions/new.html.erb within layouts/application (Duration: 11.1ms | GC: 0.0ms)
  Rendered layout layouts/application.html.erb (Duration: 62.4ms | GC: 1.8ms)
Completed 200 OK in 159ms (Views: 73.7ms | ActiveRecord: 0.0ms (0 queries, 0 cached) | GC: 25.0ms)


Started GET "/assets/application-8b441ae0.css" for 127.0.0.1 at 2025-07-08 15:41:20 -0300
Started GET "/assets/application-bfcdf840.js" for 127.0.0.1 at 2025-07-08 15:41:20 -0300
Started GET "/assets/turbo.min-3a2e143f.js" for 127.0.0.1 at 2025-07-08 15:41:20 -0300
Started GET "/assets/controllers/hello_controller-708796bd.js" for 127.0.0.1 at 2025-07-08 15:41:20 -0300
Started GET "/assets/controllers/index-ee64e1f1.js" for 127.0.0.1 at 2025-07-08 15:41:20 -0300
Started GET "/assets/stimulus.min-4b1e420e.js" for 127.0.0.1 at 2025-07-08 15:41:20 -0300
Started GET "/assets/controllers/application-3affb389.js" for 127.0.0.1 at 2025-07-08 15:41:20 -0300
Started GET "/assets/stimulus-loading-1fc53fe7.js" for 127.0.0.1 at 2025-07-08 15:41:20 -0300
Started POST "/login" for 127.0.0.1 at 2025-07-08 15:41:56 -0300
Processing by SessionsController#create as TURBO_STREAM
  Parameters: {"authenticity_token"=>"[FILTERED]", "email"=>"[FILTERED]", "password"=>"[FILTERED]", "commit"=>"Entrar"}
Completed 500 Internal Server Error in 32ms (ActiveRecord: 0.0ms (0 queries, 0 cached) | GC: 0.0ms)


  
ArgumentError (wrong number of arguments (given 0, expected 1..2)):
  
app/models/user.rb:4:in `<class:User>'
app/models/user.rb:1:in `<main>'
app/controllers/sessions_controller.rb:6:in `create'
Started GET "/" for 127.0.0.1 at 2025-07-08 16:26:59 -0300
  [1m[36mActiveRecord::SchemaMigration Load (1.5ms)[0m  [1m[34mSELECT "schema_migrations"."version" FROM "schema_migrations" ORDER BY "schema_migrations"."version" ASC /*application='Camaar'*/[0m
Processing by SessionsController#new as HTML
  Rendering layout layouts/application.html.erb
  Rendering sessions/new.html.erb within layouts/application
  Rendered sessions/new.html.erb within layouts/application (Duration: 50.7ms | GC: 0.0ms)
  Rendered layout layouts/application.html.erb (Duration: 176.1ms | GC: 27.0ms)
Completed 200 OK in 251ms (Views: 185.8ms | ActiveRecord: 0.0ms (0 queries, 0 cached) | GC: 27.0ms)


Started POST "/login" for 127.0.0.1 at 2025-07-08 16:27:11 -0300
Processing by SessionsController#create as TURBO_STREAM
  Parameters: {"authenticity_token"=>"[FILTERED]", "email"=>"[FILTERED]", "password"=>"[FILTERED]", "commit"=>"Entrar"}
Completed 500 Internal Server Error in 51ms (ActiveRecord: 0.0ms (0 queries, 0 cached) | GC: 0.0ms)


  
ArgumentError (wrong number of arguments (given 0, expected 1..2)):
  
app/models/user.rb:4:in `<class:User>'
app/models/user.rb:1:in `<main>'
app/controllers/sessions_controller.rb:6:in `create'
Started GET "/" for 127.0.0.1 at 2025-07-08 16:28:59 -0300
  [1m[36mActiveRecord::SchemaMigration Load (1.3ms)[0m  [1m[34mSELECT "schema_migrations"."version" FROM "schema_migrations" ORDER BY "schema_migrations"."version" ASC /*application='Camaar'*/[0m
Processing by SessionsController#new as HTML
  Rendering layout layouts/application.html.erb
  Rendering sessions/new.html.erb within layouts/application
  Rendered sessions/new.html.erb within layouts/application (Duration: 14.1ms | GC: 0.0ms)
  Rendered layout layouts/application.html.erb (Duration: 64.7ms | GC: 17.7ms)
Completed 200 OK in 129ms (Views: 75.9ms | ActiveRecord: 0.0ms (0 queries, 0 cached) | GC: 17.7ms)


Started POST "/login" for 127.0.0.1 at 2025-07-08 16:29:03 -0300
Processing by SessionsController#create as TURBO_STREAM
  Parameters: {"authenticity_token"=>"[FILTERED]", "email"=>"[FILTERED]", "password"=>"[FILTERED]", "commit"=>"Entrar"}
Completed 500 Internal Server Error in 37ms (ActiveRecord: 0.0ms (0 queries, 0 cached) | GC: 2.0ms)


  
ArgumentError (wrong number of arguments (given 0, expected 1..2)):
  
app/models/user.rb:4:in `<class:User>'
app/models/user.rb:1:in `<main>'
app/controllers/sessions_controller.rb:6:in `create'
  [1m[36mActiveRecord::SchemaMigration Load (1.7ms)[0m  [1m[34mSELECT "schema_migrations"."version" FROM "schema_migrations" ORDER BY "schema_migrations"."version" ASC /*application='Camaar'*/[0m
  [1m[36mActiveRecord::InternalMetadata Load (0.2ms)[0m  [1m[34mSELECT * FROM "ar_internal_metadata" WHERE "ar_internal_metadata"."key" = 'environment' ORDER BY "ar_internal_metadata"."key" ASC LIMIT 1 /*application='Camaar'*/[0m
  [1m[36mActiveRecord::SchemaMigration Load (0.1ms)[0m  [1m[34mSELECT "schema_migrations"."version" FROM "schema_migrations" ORDER BY "schema_migrations"."version" ASC /*application='Camaar'*/[0m
  [1m[36mActiveRecord::InternalMetadata Load (0.4ms)[0m  [1m[34mSELECT * FROM "ar_internal_metadata" WHERE "ar_internal_metadata"."key" = 'environment' ORDER BY "ar_internal_metadata"."key" ASC LIMIT 1 /*application='Camaar'*/[0m
  [1m[36mActiveRecord::SchemaMigration Load (0.3ms)[0m  [1m[34mSELECT "schema_migrations"."version" FROM "schema_migrations" ORDER BY "schema_migrations"."version" ASC /*application='Camaar'*/[0m
  [1m[36mActiveRecord::InternalMetadata Load (0.1ms)[0m  [1m[34mSELECT * FROM "ar_internal_metadata" WHERE "ar_internal_metadata"."key" = 'environment' ORDER BY "ar_internal_metadata"."key" ASC LIMIT 1 /*application='Camaar'*/[0m
  [1m[35m (1.7ms)[0m  [1m[35mDROP TABLE IF EXISTS "answers" /*application='Camaar'*/[0m
  [1m[35m (2.2ms)[0m  [1m[35mCREATE TABLE "answers" ("id" integer PRIMARY KEY AUTOINCREMENT NOT NULL, "user_id" integer NOT NULL, "question_id" integer NOT NULL, "content" text, "created_at" datetime(6) NOT NULL, "updated_at" datetime(6) NOT NULL) /*application='Camaar'*/[0m
  [1m[35m (0.2ms)[0m  [1m[35mCREATE INDEX "index_answers_on_question_id" ON "answers" ("question_id") /*application='Camaar'*/[0m
  [1m[35m (0.2ms)[0m  [1m[35mCREATE INDEX "index_answers_on_user_id" ON "answers" ("user_id") /*application='Camaar'*/[0m
  [1m[35m (0.0ms)[0m  [1m[35mDROP TABLE IF EXISTS "questionnaires" /*application='Camaar'*/[0m
  [1m[35m (0.2ms)[0m  [1m[35mCREATE TABLE "questionnaires" ("id" integer PRIMARY KEY AUTOINCREMENT NOT NULL, "title" varchar, "description" text, "active" boolean, "created_at" datetime(6) NOT NULL, "updated_at" datetime(6) NOT NULL) /*application='Camaar'*/[0m
  [1m[35m (0.1ms)[0m  [1m[35mDROP TABLE IF EXISTS "questions" /*application='Camaar'*/[0m
  [1m[35m (0.5ms)[0m  [1m[35mCREATE TABLE "questions" ("id" integer PRIMARY KEY AUTOINCREMENT NOT NULL, "questionnaire_id" integer NOT NULL, "content" varchar, "created_at" datetime(6) NOT NULL, "updated_at" datetime(6) NOT NULL) /*application='Camaar'*/[0m
  [1m[35m (0.2ms)[0m  [1m[35mCREATE INDEX "index_questions_on_questionnaire_id" ON "questions" ("questionnaire_id") /*application='Camaar'*/[0m
  [1m[35m (0.3ms)[0m  [1m[35mDROP TABLE IF EXISTS "users" /*application='Camaar'*/[0m
  [1m[35m (0.2ms)[0m  [1m[35mCREATE TABLE "users" ("id" integer PRIMARY KEY AUTOINCREMENT NOT NULL, "name" varchar, "email" varchar, "password_digest" varchar, "created_at" datetime(6) NOT NULL, "updated_at" datetime(6) NOT NULL, "role" integer DEFAULT 0) /*application='Camaar'*/[0m
  [1m[36mTRANSACTION (0.0ms)[0m  [1m[35mBEGIN immediate TRANSACTION /*application='Camaar'*/[0m
  [1m[35mSQL (2.5ms)[0m  [1m[35mPRAGMA foreign_keys /*application='Camaar'*/[0m
  [1m[35mSQL (0.0ms)[0m  [1m[35mPRAGMA defer_foreign_keys /*application='Camaar'*/[0m
  [1m[35m (0.0ms)[0m  [1m[35mPRAGMA defer_foreign_keys = ON /*application='Camaar'*/[0m
  [1m[35m (0.0ms)[0m  [1m[35mPRAGMA foreign_keys = OFF /*application='Camaar'*/[0m
  [1m[35m (0.6ms)[0m  [1m[35mCREATE TEMPORARY TABLE "aanswers" ("id" integer PRIMARY KEY AUTOINCREMENT NOT NULL, "user_id" integer NOT NULL, "question_id" integer NOT NULL, "content" text, "created_at" datetime(6) NOT NULL, "updated_at" datetime(6) NOT NULL) /*application='Camaar'*/[0m
  [1m[35m (0.7ms)[0m  [1m[35mCREATE INDEX "tindex_aanswers_on_user_id" ON "aanswers" ("user_id") /*application='Camaar'*/[0m
  [1m[35m (0.1ms)[0m  [1m[35mCREATE INDEX "tindex_aanswers_on_question_id" ON "aanswers" ("question_id") /*application='Camaar'*/[0m
  [1m[35mSQL (0.1ms)[0m  [1m[32mINSERT INTO "aanswers" ("id","user_id","question_id","content","created_at","updated_at")
                     SELECT "id","user_id","question_id","content","created_at","updated_at" FROM "answers" /*application='Camaar'*/[0m
  [1m[35m (0.2ms)[0m  [1m[35mDROP TABLE "answers" /*application='Camaar'*/[0m
  [1m[35m (0.2ms)[0m  [1m[35mCREATE TABLE "answers" ("id" integer PRIMARY KEY AUTOINCREMENT NOT NULL, "user_id" integer NOT NULL, "question_id" integer NOT NULL, "content" text, "created_at" datetime(6) NOT NULL, "updated_at" datetime(6) NOT NULL, CONSTRAINT "fk_rails_3d5ed4418f"
FOREIGN KEY ("question_id")
  REFERENCES "questions" ("id")
) /*application='Camaar'*/[0m
  [1m[35m (0.1ms)[0m  [1m[35mCREATE INDEX "index_answers_on_question_id" ON "answers" ("question_id") /*application='Camaar'*/[0m
  [1m[35m (0.1ms)[0m  [1m[35mCREATE INDEX "index_answers_on_user_id" ON "answers" ("user_id") /*application='Camaar'*/[0m
  [1m[35mSQL (0.0ms)[0m  [1m[32mINSERT INTO "answers" ("id","user_id","question_id","content","created_at","updated_at")
                     SELECT "id","user_id","question_id","content","created_at","updated_at" FROM "aanswers" /*application='Camaar'*/[0m
  [1m[35m (0.1ms)[0m  [1m[35mDROP TABLE "aanswers" /*application='Camaar'*/[0m
  [1m[35m (0.0ms)[0m  [1m[35mPRAGMA defer_foreign_keys = 0 /*application='Camaar'*/[0m
  [1m[35m (0.0ms)[0m  [1m[35mPRAGMA foreign_keys = 1 /*application='Camaar'*/[0m
  [1m[36mTRANSACTION (0.7ms)[0m  [1m[35mCOMMIT TRANSACTION /*application='Camaar'*/[0m
  [1m[36mTRANSACTION (0.0ms)[0m  [1m[35mBEGIN immediate TRANSACTION /*application='Camaar'*/[0m
  [1m[35mSQL (4.1ms)[0m  [1m[35mPRAGMA foreign_keys /*application='Camaar'*/[0m
  [1m[35mSQL (0.0ms)[0m  [1m[35mPRAGMA defer_foreign_keys /*application='Camaar'*/[0m
  [1m[35m (0.0ms)[0m  [1m[35mPRAGMA defer_foreign_keys = ON /*application='Camaar'*/[0m
  [1m[35m (0.0ms)[0m  [1m[35mPRAGMA foreign_keys = OFF /*application='Camaar'*/[0m
  [1m[35m (0.1ms)[0m  [1m[35mCREATE TEMPORARY TABLE "aanswers" ("id" integer PRIMARY KEY AUTOINCREMENT NOT NULL, "user_id" integer NOT NULL, "question_id" integer NOT NULL, "content" text, "created_at" datetime(6) NOT NULL, "updated_at" datetime(6) NOT NULL) /*application='Camaar'*/[0m
  [1m[35m (0.1ms)[0m  [1m[35mCREATE INDEX "tindex_aanswers_on_user_id" ON "aanswers" ("user_id") /*application='Camaar'*/[0m
  [1m[35m (0.1ms)[0m  [1m[35mCREATE INDEX "tindex_aanswers_on_question_id" ON "aanswers" ("question_id") /*application='Camaar'*/[0m
  [1m[35mSQL (0.0ms)[0m  [1m[32mINSERT INTO "aanswers" ("id","user_id","question_id","content","created_at","updated_at")
                     SELECT "id","user_id","question_id","content","created_at","updated_at" FROM "answers" /*application='Camaar'*/[0m
  [1m[35m (0.1ms)[0m  [1m[35mDROP TABLE "answers" /*application='Camaar'*/[0m
  [1m[35m (0.1ms)[0m  [1m[35mCREATE TABLE "answers" ("id" integer PRIMARY KEY AUTOINCREMENT NOT NULL, "user_id" integer NOT NULL, "question_id" integer NOT NULL, "content" text, "created_at" datetime(6) NOT NULL, "updated_at" datetime(6) NOT NULL, CONSTRAINT "fk_rails_3d5ed4418f"
FOREIGN KEY ("question_id")
  REFERENCES "questions" ("id")
, CONSTRAINT "fk_rails_584be190c2"
FOREIGN KEY ("user_id")
  REFERENCES "users" ("id")
) /*application='Camaar'*/[0m
  [1m[35m (0.1ms)[0m  [1m[35mCREATE INDEX "index_answers_on_question_id" ON "answers" ("question_id") /*application='Camaar'*/[0m
  [1m[35m (0.1ms)[0m  [1m[35mCREATE INDEX "index_answers_on_user_id" ON "answers" ("user_id") /*application='Camaar'*/[0m
  [1m[35mSQL (0.0ms)[0m  [1m[32mINSERT INTO "answers" ("id","user_id","question_id","content","created_at","updated_at")
                     SELECT "id","user_id","question_id","content","created_at","updated_at" FROM "aanswers" /*application='Camaar'*/[0m
  [1m[35m (0.1ms)[0m  [1m[35mDROP TABLE "aanswers" /*application='Camaar'*/[0m
  [1m[35m (0.0ms)[0m  [1m[35mPRAGMA defer_foreign_keys = 0 /*application='Camaar'*/[0m
  [1m[35m (0.0ms)[0m  [1m[35mPRAGMA foreign_keys = 1 /*application='Camaar'*/[0m
  [1m[36mTRANSACTION (0.1ms)[0m  [1m[35mCOMMIT TRANSACTION /*application='Camaar'*/[0m
  [1m[36mTRANSACTION (0.0ms)[0m  [1m[35mBEGIN immediate TRANSACTION /*application='Camaar'*/[0m
  [1m[35mSQL (0.8ms)[0m  [1m[35mPRAGMA foreign_keys /*application='Camaar'*/[0m
  [1m[35mSQL (0.1ms)[0m  [1m[35mPRAGMA defer_foreign_keys /*application='Camaar'*/[0m
  [1m[35m (0.0ms)[0m  [1m[35mPRAGMA defer_foreign_keys = ON /*application='Camaar'*/[0m
  [1m[35m (0.0ms)[0m  [1m[35mPRAGMA foreign_keys = OFF /*application='Camaar'*/[0m
  [1m[35m (0.1ms)[0m  [1m[35mCREATE TEMPORARY TABLE "aquestions" ("id" integer PRIMARY KEY AUTOINCREMENT NOT NULL, "questionnaire_id" integer NOT NULL, "content" varchar, "created_at" datetime(6) NOT NULL, "updated_at" datetime(6) NOT NULL) /*application='Camaar'*/[0m
  [1m[35m (0.1ms)[0m  [1m[35mCREATE INDEX "tindex_aquestions_on_questionnaire_id" ON "aquestions" ("questionnaire_id") /*application='Camaar'*/[0m
  [1m[35mSQL (0.0ms)[0m  [1m[32mINSERT INTO "aquestions" ("id","questionnaire_id","content","created_at","updated_at")
                     SELECT "id","questionnaire_id","content","created_at","updated_at" FROM "questions" /*application='Camaar'*/[0m
  [1m[35m (0.1ms)[0m  [1m[35mDROP TABLE "questions" /*application='Camaar'*/[0m
  [1m[35m (0.1ms)[0m  [1m[35mCREATE TABLE "questions" ("id" integer PRIMARY KEY AUTOINCREMENT NOT NULL, "questionnaire_id" integer NOT NULL, "content" varchar, "created_at" datetime(6) NOT NULL, "updated_at" datetime(6) NOT NULL, CONSTRAINT "fk_rails_8c4848c0c5"
FOREIGN KEY ("questionnaire_id")
  REFERENCES "questionnaires" ("id")
) /*application='Camaar'*/[0m
  [1m[35m (0.1ms)[0m  [1m[35mCREATE INDEX "index_questions_on_questionnaire_id" ON "questions" ("questionnaire_id") /*application='Camaar'*/[0m
  [1m[35mSQL (0.0ms)[0m  [1m[32mINSERT INTO "questions" ("id","questionnaire_id","content","created_at","updated_at")
                     SELECT "id","questionnaire_id","content","created_at","updated_at" FROM "aquestions" /*application='Camaar'*/[0m
  [1m[35m (0.1ms)[0m  [1m[35mDROP TABLE "aquestions" /*application='Camaar'*/[0m
  [1m[35m (0.0ms)[0m  [1m[35mPRAGMA defer_foreign_keys = 0 /*application='Camaar'*/[0m
  [1m[35m (0.0ms)[0m  [1m[35mPRAGMA foreign_keys = 1 /*application='Camaar'*/[0m
  [1m[36mTRANSACTION (0.1ms)[0m  [1m[35mCOMMIT TRANSACTION /*application='Camaar'*/[0m
  [1m[35m (0.2ms)[0m  [1m[35mCREATE TABLE "schema_migrations" ("version" varchar NOT NULL PRIMARY KEY) /*application='Camaar'*/[0m
  [1m[36mActiveRecord::SchemaMigration Load (0.1ms)[0m  [1m[34mSELECT "schema_migrations"."version" FROM "schema_migrations" ORDER BY "schema_migrations"."version" ASC /*application='Camaar'*/[0m
  [1m[35m (0.1ms)[0m  [1m[32mINSERT INTO "schema_migrations" (version) VALUES (20250708183743) /*application='Camaar'*/[0m
  [1m[35m (0.1ms)[0m  [1m[32mINSERT INTO "schema_migrations" (version) VALUES
(20250708182008),
(20250708182002),
(20250708181955),
(20250708181939); /*application='Camaar'*/[0m
  [1m[35m (0.2ms)[0m  [1m[35mCREATE TABLE "ar_internal_metadata" ("key" varchar NOT NULL PRIMARY KEY, "value" varchar, "created_at" datetime(6) NOT NULL, "updated_at" datetime(6) NOT NULL) /*application='Camaar'*/[0m
  [1m[36mActiveRecord::InternalMetadata Load (0.1ms)[0m  [1m[34mSELECT * FROM "ar_internal_metadata" WHERE "ar_internal_metadata"."key" = 'environment' ORDER BY "ar_internal_metadata"."key" ASC LIMIT 1 /*application='Camaar'*/[0m
  [1m[36mActiveRecord::InternalMetadata Create (0.2ms)[0m  [1m[32mINSERT INTO "ar_internal_metadata" ("key", "value", "created_at", "updated_at") VALUES ('environment', 'development', '2025-07-08 19:35:56.780805', '2025-07-08 19:35:56.780810') RETURNING "key" /*application='Camaar'*/[0m
  [1m[36mActiveRecord::InternalMetadata Load (0.1ms)[0m  [1m[34mSELECT * FROM "ar_internal_metadata" WHERE "ar_internal_metadata"."key" = 'environment' ORDER BY "ar_internal_metadata"."key" ASC LIMIT 1 /*application='Camaar'*/[0m
  [1m[36mActiveRecord::InternalMetadata Load (0.1ms)[0m  [1m[34mSELECT * FROM "ar_internal_metadata" WHERE "ar_internal_metadata"."key" = 'schema_sha1' ORDER BY "ar_internal_metadata"."key" ASC LIMIT 1 /*application='Camaar'*/[0m
  [1m[36mActiveRecord::InternalMetadata Create (0.1ms)[0m  [1m[32mINSERT INTO "ar_internal_metadata" ("key", "value", "created_at", "updated_at") VALUES ('schema_sha1', '3c4b93d1779b6c6c52094eae454947493faf5b8c', '2025-07-08 19:35:56.790577', '2025-07-08 19:35:56.790580') RETURNING "key" /*application='Camaar'*/[0m
  [1m[36mActiveRecord::InternalMetadata Load (0.1ms)[0m  [1m[34mSELECT * FROM "ar_internal_metadata" WHERE "ar_internal_metadata"."key" = 'environment' ORDER BY "ar_internal_metadata"."key" ASC LIMIT 1 /*application='Camaar'*/[0m
  [1m[36mActiveRecord::SchemaMigration Load (0.1ms)[0m  [1m[34mSELECT "schema_migrations"."version" FROM "schema_migrations" ORDER BY "schema_migrations"."version" ASC /*application='Camaar'*/[0m
  [1m[36mActiveRecord::SchemaMigration Load (0.1ms)[0m  [1m[34mSELECT "schema_migrations"."version" FROM "schema_migrations" ORDER BY "schema_migrations"."version" ASC /*application='Camaar'*/[0m
Started GET "/" for 127.0.0.1 at 2025-07-08 16:37:36 -0300
  [1m[36mActiveRecord::SchemaMigration Load (1.4ms)[0m  [1m[34mSELECT "schema_migrations"."version" FROM "schema_migrations" ORDER BY "schema_migrations"."version" ASC /*application='Camaar'*/[0m
Processing by SessionsController#new as HTML
  Rendering layout layouts/application.html.erb
  Rendering sessions/new.html.erb within layouts/application
  Rendered sessions/new.html.erb within layouts/application (Duration: 14.5ms | GC: 0.3ms)
  Rendered layout layouts/application.html.erb (Duration: 51.1ms | GC: 2.4ms)
Completed 200 OK in 121ms (Views: 57.6ms | ActiveRecord: 0.0ms (0 queries, 0 cached) | GC: 24.4ms)


Started POST "/login" for 127.0.0.1 at 2025-07-08 16:37:46 -0300
Processing by SessionsController#create as TURBO_STREAM
  Parameters: {"authenticity_token"=>"[FILTERED]", "email"=>"[FILTERED]", "password"=>"[FILTERED]", "commit"=>"Entrar"}
  [1m[36mUser Load (0.2ms)[0m  [1m[34mSELECT "users".* FROM "users" WHERE "users"."email" = 'admin@unb.br' LIMIT 1 /*action='create',application='Camaar',controller='sessions'*/[0m
  ↳ app/controllers/sessions_controller.rb:6:in `create'
  Rendering layout layouts/application.html.erb
  Rendering sessions/new.html.erb within layouts/application
  Rendered sessions/new.html.erb within layouts/application (Duration: 7.7ms | GC: 0.0ms)
  Rendered layout layouts/application.html.erb (Duration: 13.9ms | GC: 0.0ms)
Completed 200 OK in 86ms (Views: 15.3ms | ActiveRecord: 2.8ms (1 query, 0 cached) | GC: 0.0ms)


Started POST "/login" for 127.0.0.1 at 2025-07-08 16:37:50 -0300
Processing by SessionsController#create as TURBO_STREAM
  Parameters: {"authenticity_token"=>"[FILTERED]", "email"=>"[FILTERED]", "password"=>"[FILTERED]", "commit"=>"Entrar"}
  [1m[36mUser Load (0.7ms)[0m  [1m[34mSELECT "users".* FROM "users" WHERE "users"."email" = 'admin@unb.br' LIMIT 1 /*action='create',application='Camaar',controller='sessions'*/[0m
  ↳ app/controllers/sessions_controller.rb:6:in `create'
  Rendering layout layouts/application.html.erb
  Rendering sessions/new.html.erb within layouts/application
  Rendered sessions/new.html.erb within layouts/application (Duration: 4.7ms | GC: 0.0ms)
  Rendered layout layouts/application.html.erb (Duration: 7.1ms | GC: 0.0ms)
Completed 200 OK in 28ms (Views: 7.9ms | ActiveRecord: 0.7ms (1 query, 0 cached) | GC: 0.0ms)


Started POST "/login" for 127.0.0.1 at 2025-07-08 16:37:52 -0300
Processing by SessionsController#create as TURBO_STREAM
  Parameters: {"authenticity_token"=>"[FILTERED]", "email"=>"[FILTERED]", "password"=>"[FILTERED]", "commit"=>"Entrar"}
  [1m[36mUser Load (5.1ms)[0m  [1m[34mSELECT "users".* FROM "users" WHERE "users"."email" = 'admin@unb.br' LIMIT 1 /*action='create',application='Camaar',controller='sessions'*/[0m
  ↳ app/controllers/sessions_controller.rb:6:in `create'
  Rendering layout layouts/application.html.erb
  Rendering sessions/new.html.erb within layouts/application
  Rendered sessions/new.html.erb within layouts/application (Duration: 2.5ms | GC: 0.0ms)
  Rendered layout layouts/application.html.erb (Duration: 3.9ms | GC: 0.0ms)
Completed 200 OK in 34ms (Views: 5.8ms | ActiveRecord: 5.1ms (1 query, 0 cached) | GC: 0.0ms)


Started POST "/login" for 127.0.0.1 at 2025-07-08 16:37:55 -0300
Processing by SessionsController#create as TURBO_STREAM
  Parameters: {"authenticity_token"=>"[FILTERED]", "email"=>"[FILTERED]", "password"=>"[FILTERED]", "commit"=>"Entrar"}
  [1m[36mUser Load (2.0ms)[0m  [1m[34mSELECT "users".* FROM "users" WHERE "users"."email" = 'admin@unb.br' LIMIT 1 /*action='create',application='Camaar',controller='sessions'*/[0m
  ↳ app/controllers/sessions_controller.rb:6:in `create'
  Rendering layout layouts/application.html.erb
  Rendering sessions/new.html.erb within layouts/application
  Rendered sessions/new.html.erb within layouts/application (Duration: 3.0ms | GC: 0.0ms)
  Rendered layout layouts/application.html.erb (Duration: 5.8ms | GC: 0.0ms)
Completed 200 OK in 32ms (Views: 8.4ms | ActiveRecord: 2.0ms (1 query, 0 cached) | GC: 0.0ms)


Started POST "/login" for 127.0.0.1 at 2025-07-08 16:38:07 -0300
  [1m[36mActiveRecord::SchemaMigration Load (0.8ms)[0m  [1m[34mSELECT "schema_migrations"."version" FROM "schema_migrations" ORDER BY "schema_migrations"."version" ASC /*application='Camaar'*/[0m
Processing by SessionsController#create as TURBO_STREAM
  Parameters: {"authenticity_token"=>"[FILTERED]", "email"=>"[FILTERED]", "password"=>"[FILTERED]", "commit"=>"Entrar"}
  [1m[36mUser Load (0.1ms)[0m  [1m[34mSELECT "users".* FROM "users" WHERE "users"."email" = 'admin@unb.br' LIMIT 1 /*action='create',application='Camaar',controller='sessions'*/[0m
  ↳ app/controllers/sessions_controller.rb:6:in `create'
  Rendering layout layouts/application.html.erb
  Rendering sessions/new.html.erb within layouts/application
  Rendered sessions/new.html.erb within layouts/application (Duration: 6.8ms | GC: 0.0ms)
  Rendered layout layouts/application.html.erb (Duration: 63.9ms | GC: 26.9ms)
Completed 200 OK in 184ms (Views: 76.9ms | ActiveRecord: 3.7ms (1 query, 0 cached) | GC: 26.9ms)


Started GET "/" for 127.0.0.1 at 2025-07-08 16:44:41 -0300
  [1m[36mActiveRecord::SchemaMigration Load (1.1ms)[0m  [1m[34mSELECT "schema_migrations"."version" FROM "schema_migrations" ORDER BY "schema_migrations"."version" ASC /*application='Camaar'*/[0m
Processing by SessionsController#new as HTML
  Rendering layout layouts/application.html.erb
  Rendering sessions/new.html.erb within layouts/application
  Rendered sessions/new.html.erb within layouts/application (Duration: 24.0ms | GC: 0.0ms)
  Rendered layout layouts/application.html.erb (Duration: 125.3ms | GC: 27.8ms)
Completed 200 OK in 204ms (Views: 142.7ms | ActiveRecord: 0.0ms (0 queries, 0 cached) | GC: 27.8ms)


Started POST "/login" for 127.0.0.1 at 2025-07-08 16:44:49 -0300
Processing by SessionsController#create as TURBO_STREAM
  Parameters: {"authenticity_token"=>"[FILTERED]", "email"=>"[FILTERED]", "password"=>"[FILTERED]", "commit"=>"Entrar"}
  [1m[36mUser Load (0.4ms)[0m  [1m[34mSELECT "users".* FROM "users" WHERE "users"."email" = 'admin@unb.br' LIMIT 1 /*action='create',application='Camaar',controller='sessions'*/[0m
  ↳ app/controllers/sessions_controller.rb:6:in `create'
  Rendering layout layouts/application.html.erb
  Rendering sessions/new.html.erb within layouts/application
  Rendered sessions/new.html.erb within layouts/application (Duration: 14.0ms | GC: 0.0ms)
  Rendered layout layouts/application.html.erb (Duration: 22.2ms | GC: 0.0ms)
Completed 422 Unprocessable Content in 153ms (Views: 23.9ms | ActiveRecord: 5.2ms (1 query, 0 cached) | GC: 2.2ms)


Started GET "/admin/dashboard" for 127.0.0.1 at 2025-07-08 16:45:01 -0300
Processing by Admin::DashboardController#show as HTML
  Rendering layout layouts/application.html.erb
  Rendering admin/dashboard/show.html.erb within layouts/application
  Rendered admin/dashboard/show.html.erb within layouts/application (Duration: 3.5ms | GC: 0.0ms)
  Rendered layout layouts/application.html.erb (Duration: 21.3ms | GC: 0.0ms)
Completed 200 OK in 93ms (Views: 24.0ms | ActiveRecord: 0.0ms (0 queries, 0 cached) | GC: 0.3ms)


Started GET "/admin/dashboard" for 127.0.0.1 at 2025-07-08 16:46:17 -0300
Processing by Admin::DashboardController#show as HTML
  Rendering layout layouts/application.html.erb
  Rendering admin/dashboard/show.html.erb within layouts/application
  Rendered admin/dashboard/show.html.erb within layouts/application (Duration: 1.1ms | GC: 0.0ms)
  Rendered layout layouts/application.html.erb (Duration: 25.2ms | GC: 0.0ms)
Completed 200 OK in 66ms (Views: 36.0ms | ActiveRecord: 0.0ms (0 queries, 0 cached) | GC: 0.0ms)


Started GET "/admin/dashboard" for 127.0.0.1 at 2025-07-08 16:46:29 -0300
Processing by Admin::DashboardController#show as HTML
  Rendering layout layouts/application.html.erb
  Rendering admin/dashboard/show.html.erb within layouts/application
  Rendered admin/dashboard/show.html.erb within layouts/application (Duration: 2.6ms | GC: 0.0ms)
  Rendered layout layouts/application.html.erb (Duration: 21.4ms | GC: 0.0ms)
Completed 200 OK in 74ms (Views: 32.5ms | ActiveRecord: 0.0ms (0 queries, 0 cached) | GC: 0.4ms)


Started GET "/" for 127.0.0.1 at 2025-07-08 16:47:21 -0300
  [1m[36mActiveRecord::SchemaMigration Load (1.0ms)[0m  [1m[34mSELECT "schema_migrations"."version" FROM "schema_migrations" ORDER BY "schema_migrations"."version" ASC /*application='Camaar'*/[0m
Processing by SessionsController#new as HTML
  Rendering layout layouts/application.html.erb
  Rendering sessions/new.html.erb within layouts/application
  Rendered sessions/new.html.erb within layouts/application (Duration: 18.6ms | GC: 0.0ms)
  Rendered layout layouts/application.html.erb (Duration: 67.6ms | GC: 22.2ms)
Completed 200 OK in 133ms (Views: 75.4ms | ActiveRecord: 0.0ms (0 queries, 0 cached) | GC: 22.2ms)


Started GET "/" for 127.0.0.1 at 2025-07-08 16:47:31 -0300
Processing by SessionsController#new as HTML
  Rendering layout layouts/application.html.erb
  Rendering sessions/new.html.erb within layouts/application
  Rendered sessions/new.html.erb within layouts/application (Duration: 9.2ms | GC: 1.1ms)
  Rendered layout layouts/application.html.erb (Duration: 12.9ms | GC: 1.1ms)
Completed 200 OK in 31ms (Views: 14.3ms | ActiveRecord: 0.0ms (0 queries, 0 cached) | GC: 1.1ms)


Started GET "/assets/application-8b441ae0.css" for 127.0.0.1 at 2025-07-08 16:47:32 -0300
Started GET "/assets/application-bfcdf840.js" for 127.0.0.1 at 2025-07-08 16:47:32 -0300
Started GET "/assets/stimulus-loading-1fc53fe7.js" for 127.0.0.1 at 2025-07-08 16:47:32 -0300
Started GET "/assets/controllers/hello_controller-708796bd.js" for 127.0.0.1 at 2025-07-08 16:47:32 -0300
Started GET "/assets/controllers/index-ee64e1f1.js" for 127.0.0.1 at 2025-07-08 16:47:32 -0300
Started GET "/assets/stimulus.min-4b1e420e.js" for 127.0.0.1 at 2025-07-08 16:47:32 -0300
Started GET "/assets/turbo.min-3a2e143f.js" for 127.0.0.1 at 2025-07-08 16:47:32 -0300
Started GET "/assets/controllers/application-3affb389.js" for 127.0.0.1 at 2025-07-08 16:47:32 -0300
Started POST "/login" for 127.0.0.1 at 2025-07-08 16:47:38 -0300
Processing by SessionsController#create as TURBO_STREAM
  Parameters: {"authenticity_token"=>"[FILTERED]", "email"=>"[FILTERED]", "password"=>"[FILTERED]", "commit"=>"Entrar"}
  [1m[36mUser Load (0.6ms)[0m  [1m[34mSELECT "users".* FROM "users" WHERE "users"."email" = 'admin@unb.br' LIMIT 1 /*action='create',application='Camaar',controller='sessions'*/[0m
  ↳ app/controllers/sessions_controller.rb:6:in `create'
  Rendering layout layouts/application.html.erb
  Rendering sessions/new.html.erb within layouts/application
  Rendered sessions/new.html.erb within layouts/application (Duration: 6.1ms | GC: 0.0ms)
  Rendered layout layouts/application.html.erb (Duration: 8.3ms | GC: 0.0ms)
Completed 422 Unprocessable Content in 62ms (Views: 9.1ms | ActiveRecord: 2.9ms (1 query, 0 cached) | GC: 0.0ms)


  [1m[36mActiveRecord::InternalMetadata Load (0.2ms)[0m  [1m[34mSELECT * FROM "ar_internal_metadata" WHERE "ar_internal_metadata"."key" = 'environment' ORDER BY "ar_internal_metadata"."key" ASC LIMIT 1 /*application='Camaar'*/[0m
  [1m[36mActiveRecord::SchemaMigration Load (0.1ms)[0m  [1m[34mSELECT "schema_migrations"."version" FROM "schema_migrations" ORDER BY "schema_migrations"."version" ASC /*application='Camaar'*/[0m
  [1m[36mActiveRecord::SchemaMigration Load (0.1ms)[0m  [1m[34mSELECT "schema_migrations"."version" FROM "schema_migrations" ORDER BY "schema_migrations"."version" ASC /*application='Camaar'*/[0m
Started GET "/" for 127.0.0.1 at 2025-07-08 16:49:52 -0300
  [1m[36mActiveRecord::SchemaMigration Load (0.9ms)[0m  [1m[34mSELECT "schema_migrations"."version" FROM "schema_migrations" ORDER BY "schema_migrations"."version" ASC /*application='Camaar'*/[0m
Processing by SessionsController#new as HTML
  Rendering layout layouts/application.html.erb
  Rendering sessions/new.html.erb within layouts/application
  Rendered sessions/new.html.erb within layouts/application (Duration: 29.5ms | GC: 0.0ms)
  Rendered layout layouts/application.html.erb (Duration: 115.4ms | GC: 23.9ms)
Completed 200 OK in 205ms (Views: 123.8ms | ActiveRecord: 0.0ms (0 queries, 0 cached) | GC: 25.0ms)


Started POST "/login" for 127.0.0.1 at 2025-07-08 16:49:56 -0300
Processing by SessionsController#create as TURBO_STREAM
  Parameters: {"authenticity_token"=>"[FILTERED]", "email"=>"[FILTERED]", "password"=>"[FILTERED]", "commit"=>"Entrar"}
  [1m[36mUser Load (0.1ms)[0m  [1m[34mSELECT "users".* FROM "users" WHERE "users"."email" = 'admin@unb.br' LIMIT 1 /*action='create',application='Camaar',controller='sessions'*/[0m
  ↳ app/controllers/sessions_controller.rb:6:in `create'
  Rendering layout layouts/application.html.erb
  Rendering sessions/new.html.erb within layouts/application
  Rendered sessions/new.html.erb within layouts/application (Duration: 9.2ms | GC: 0.1ms)
  Rendered layout layouts/application.html.erb (Duration: 15.7ms | GC: 0.1ms)
Completed 422 Unprocessable Content in 104ms (Views: 17.3ms | ActiveRecord: 7.2ms (1 query, 0 cached) | GC: 1.8ms)


Started GET "/" for 127.0.0.1 at 2025-07-08 16:54:43 -0300
  [1m[36mActiveRecord::SchemaMigration Load (3.2ms)[0m  [1m[34mSELECT "schema_migrations"."version" FROM "schema_migrations" ORDER BY "schema_migrations"."version" ASC /*application='Camaar'*/[0m
Processing by SessionsController#new as HTML
  Rendering layout layouts/application.html.erb
  Rendering sessions/new.html.erb within layouts/application
  Rendered sessions/new.html.erb within layouts/application (Duration: 52.6ms | GC: 0.0ms)
  Rendered layout layouts/application.html.erb (Duration: 166.1ms | GC: 23.3ms)
Completed 200 OK in 311ms (Views: 189.0ms | ActiveRecord: 0.0ms (0 queries, 0 cached) | GC: 23.5ms)


Started POST "/login" for 127.0.0.1 at 2025-07-08 16:54:52 -0300
Processing by SessionsController#create as TURBO_STREAM
  Parameters: {"authenticity_token"=>"[FILTERED]", "email"=>"[FILTERED]", "password"=>"[FILTERED]", "commit"=>"Entrar"}
  [1m[36mUser Load (0.1ms)[0m  [1m[34mSELECT "users".* FROM "users" WHERE "users"."email" = 'admin@unb.br' LIMIT 1 /*action='create',application='Camaar',controller='sessions'*/[0m
  ↳ app/controllers/sessions_controller.rb:6:in `create'
  Rendering layout layouts/application.html.erb
  Rendering sessions/new.html.erb within layouts/application
  Rendered sessions/new.html.erb within layouts/application (Duration: 7.9ms | GC: 0.0ms)
  Rendered layout layouts/application.html.erb (Duration: 15.1ms | GC: 0.0ms)
Completed 200 OK in 143ms (Views: 16.9ms | ActiveRecord: 2.1ms (1 query, 0 cached) | GC: 2.5ms)


Started POST "/login" for 127.0.0.1 at 2025-07-08 16:54:55 -0300
Processing by SessionsController#create as TURBO_STREAM
  Parameters: {"authenticity_token"=>"[FILTERED]", "email"=>"[FILTERED]", "password"=>"[FILTERED]", "commit"=>"Entrar"}
  [1m[36mUser Load (1.1ms)[0m  [1m[34mSELECT "users".* FROM "users" WHERE "users"."email" = 'admin@unb.br' LIMIT 1 /*action='create',application='Camaar',controller='sessions'*/[0m
  ↳ app/controllers/sessions_controller.rb:6:in `create'
  Rendering layout layouts/application.html.erb
  Rendering sessions/new.html.erb within layouts/application
  Rendered sessions/new.html.erb within layouts/application (Duration: 9.2ms | GC: 0.0ms)
  Rendered layout layouts/application.html.erb (Duration: 15.8ms | GC: 0.0ms)
Completed 200 OK in 60ms (Views: 17.9ms | ActiveRecord: 1.1ms (1 query, 0 cached) | GC: 0.1ms)


Started GET "/" for 127.0.0.1 at 2025-07-08 16:54:56 -0300
Processing by SessionsController#new as HTML
  Rendering layout layouts/application.html.erb
  Rendering sessions/new.html.erb within layouts/application
  Rendered sessions/new.html.erb within layouts/application (Duration: 28.5ms | GC: 0.0ms)
  Rendered layout layouts/application.html.erb (Duration: 61.0ms | GC: 0.0ms)
Completed 200 OK in 143ms (Views: 74.4ms | ActiveRecord: 0.0ms (0 queries, 0 cached) | GC: 0.0ms)


Started GET "/" for 127.0.0.1 at 2025-07-08 16:55:10 -0300
Processing by SessionsController#new as HTML
  Rendering layout layouts/application.html.erb
  Rendering sessions/new.html.erb within layouts/application
  Rendered sessions/new.html.erb within layouts/application (Duration: 21.8ms | GC: 0.0ms)
  Rendered layout layouts/application.html.erb (Duration: 39.1ms | GC: 0.0ms)
Completed 200 OK in 74ms (Views: 48.1ms | ActiveRecord: 0.0ms (0 queries, 0 cached) | GC: 0.0ms)


Started GET "/assets/application-8b441ae0.css" for 127.0.0.1 at 2025-07-08 16:55:10 -0300
Started GET "/assets/application-bfcdf840.js" for 127.0.0.1 at 2025-07-08 16:55:10 -0300
Started GET "/assets/turbo.min-3a2e143f.js" for 127.0.0.1 at 2025-07-08 16:55:10 -0300
Started GET "/assets/controllers/hello_controller-708796bd.js" for 127.0.0.1 at 2025-07-08 16:55:10 -0300
Started GET "/assets/controllers/index-ee64e1f1.js" for 127.0.0.1 at 2025-07-08 16:55:10 -0300
Started GET "/assets/stimulus.min-4b1e420e.js" for 127.0.0.1 at 2025-07-08 16:55:10 -0300
Started GET "/assets/stimulus-loading-1fc53fe7.js" for 127.0.0.1 at 2025-07-08 16:55:10 -0300
Started GET "/assets/controllers/application-3affb389.js" for 127.0.0.1 at 2025-07-08 16:55:10 -0300
Started POST "/login" for 127.0.0.1 at 2025-07-08 16:55:18 -0300
Processing by SessionsController#create as TURBO_STREAM
  Parameters: {"authenticity_token"=>"[FILTERED]", "email"=>"[FILTERED]", "password"=>"[FILTERED]", "commit"=>"Entrar"}
  [1m[36mUser Load (1.2ms)[0m  [1m[34mSELECT "users".* FROM "users" WHERE "users"."email" = 'admin@unb.br' LIMIT 1 /*action='create',application='Camaar',controller='sessions'*/[0m
  ↳ app/controllers/sessions_controller.rb:6:in `create'
  Rendering layout layouts/application.html.erb
  Rendering sessions/new.html.erb within layouts/application
  Rendered sessions/new.html.erb within layouts/application (Duration: 7.5ms | GC: 0.0ms)
  Rendered layout layouts/application.html.erb (Duration: 10.6ms | GC: 0.0ms)
Completed 200 OK in 72ms (Views: 11.5ms | ActiveRecord: 1.2ms (1 query, 0 cached) | GC: 17.1ms)


  [1m[36mActiveRecord::InternalMetadata Load (0.2ms)[0m  [1m[34mSELECT * FROM "ar_internal_metadata" WHERE "ar_internal_metadata"."key" = 'environment' ORDER BY "ar_internal_metadata"."key" ASC LIMIT 1 /*application='Camaar'*/[0m
  [1m[36mActiveRecord::SchemaMigration Load (0.1ms)[0m  [1m[34mSELECT "schema_migrations"."version" FROM "schema_migrations" ORDER BY "schema_migrations"."version" ASC /*application='Camaar'*/[0m
  [1m[36mActiveRecord::SchemaMigration Load (0.1ms)[0m  [1m[34mSELECT "schema_migrations"."version" FROM "schema_migrations" ORDER BY "schema_migrations"."version" ASC /*application='Camaar'*/[0m
Started GET "/" for 127.0.0.1 at 2025-07-08 17:01:05 -0300
  [1m[36mActiveRecord::SchemaMigration Load (1.1ms)[0m  [1m[34mSELECT "schema_migrations"."version" FROM "schema_migrations" ORDER BY "schema_migrations"."version" ASC /*application='Camaar'*/[0m
Processing by SessionsController#new as HTML
  Rendering layout layouts/application.html.erb
  Rendering sessions/new.html.erb within layouts/application
  Rendered sessions/new.html.erb within layouts/application (Duration: 10.1ms | GC: 0.0ms)
  Rendered layout layouts/application.html.erb (Duration: 142.4ms | GC: 23.4ms)
Completed 200 OK in 227ms (Views: 151.4ms | ActiveRecord: 0.0ms (0 queries, 0 cached) | GC: 23.4ms)


Started GET "/assets/application-8b441ae0.css" for 127.0.0.1 at 2025-07-08 17:01:06 -0300
Started GET "/assets/application-bfcdf840.js" for 127.0.0.1 at 2025-07-08 17:01:06 -0300
Started GET "/assets/turbo.min-3a2e143f.js" for 127.0.0.1 at 2025-07-08 17:01:06 -0300
Started GET "/assets/controllers/hello_controller-708796bd.js" for 127.0.0.1 at 2025-07-08 17:01:06 -0300
Started GET "/assets/controllers/index-ee64e1f1.js" for 127.0.0.1 at 2025-07-08 17:01:06 -0300
Started GET "/assets/stimulus.min-4b1e420e.js" for 127.0.0.1 at 2025-07-08 17:01:07 -0300
Started GET "/assets/stimulus-loading-1fc53fe7.js" for 127.0.0.1 at 2025-07-08 17:01:07 -0300
Started GET "/assets/controllers/application-3affb389.js" for 127.0.0.1 at 2025-07-08 17:01:07 -0300
Started POST "/login" for 127.0.0.1 at 2025-07-08 17:01:14 -0300
Processing by SessionsController#create as TURBO_STREAM
  Parameters: {"authenticity_token"=>"[FILTERED]", "email"=>"[FILTERED]", "password"=>"[FILTERED]", "commit"=>"Entrar"}
  [1m[36mUser Load (0.2ms)[0m  [1m[34mSELECT "users".* FROM "users" WHERE "users"."email" = 'admin@unb.br' LIMIT 1 /*action='create',application='Camaar',controller='sessions'*/[0m
  ↳ app/controllers/sessions_controller.rb:6:in `create'
  Rendering layout layouts/application.html.erb
  Rendering sessions/new.html.erb within layouts/application
  Rendered sessions/new.html.erb within layouts/application (Duration: 3.3ms | GC: 0.0ms)
  Rendered layout layouts/application.html.erb (Duration: 12.0ms | GC: 0.0ms)
Completed 422 Unprocessable Content in 130ms (Views: 14.5ms | ActiveRecord: 5.6ms (1 query, 0 cached) | GC: 0.0ms)


Started GET "/" for 127.0.0.1 at 2025-07-08 17:01:29 -0300
Processing by SessionsController#new as HTML
  Rendering layout layouts/application.html.erb
  Rendering sessions/new.html.erb within layouts/application
  Rendered sessions/new.html.erb within layouts/application (Duration: 7.9ms | GC: 0.0ms)
  Rendered layout layouts/application.html.erb (Duration: 10.8ms | GC: 0.0ms)
Completed 200 OK in 33ms (Views: 12.0ms | ActiveRecord: 0.0ms (0 queries, 0 cached) | GC: 0.0ms)


Started GET "/" for 127.0.0.1 at 2025-07-08 17:01:37 -0300
Processing by SessionsController#new as HTML
  Rendering layout layouts/application.html.erb
  Rendering sessions/new.html.erb within layouts/application
  Rendered sessions/new.html.erb within layouts/application (Duration: 13.0ms | GC: 0.0ms)
  Rendered layout layouts/application.html.erb (Duration: 17.1ms | GC: 0.0ms)
Completed 200 OK in 54ms (Views: 24.4ms | ActiveRecord: 0.0ms (0 queries, 0 cached) | GC: 0.0ms)


Started GET "/assets/application-8b441ae0.css" for 127.0.0.1 at 2025-07-08 17:01:37 -0300
Started GET "/assets/turbo.min-3a2e143f.js" for 127.0.0.1 at 2025-07-08 17:01:37 -0300
Started GET "/assets/application-bfcdf840.js" for 127.0.0.1 at 2025-07-08 17:01:37 -0300
Started GET "/assets/controllers/hello_controller-708796bd.js" for 127.0.0.1 at 2025-07-08 17:01:37 -0300
Started GET "/assets/controllers/index-ee64e1f1.js" for 127.0.0.1 at 2025-07-08 17:01:38 -0300
Started GET "/assets/stimulus-loading-1fc53fe7.js" for 127.0.0.1 at 2025-07-08 17:01:38 -0300
Started GET "/assets/stimulus.min-4b1e420e.js" for 127.0.0.1 at 2025-07-08 17:01:38 -0300
Started GET "/assets/controllers/application-3affb389.js" for 127.0.0.1 at 2025-07-08 17:01:38 -0300
Started POST "/login" for 127.0.0.1 at 2025-07-08 17:01:47 -0300
Processing by SessionsController#create as TURBO_STREAM
  Parameters: {"authenticity_token"=>"[FILTERED]", "email"=>"[FILTERED]", "password"=>"[FILTERED]", "commit"=>"Entrar"}
  [1m[36mUser Load (21.5ms)[0m  [1m[34mSELECT "users".* FROM "users" WHERE "users"."email" = 'admin@unb.br' LIMIT 1 /*action='create',application='Camaar',controller='sessions'*/[0m
  ↳ app/controllers/sessions_controller.rb:6:in `create'
  Rendering layout layouts/application.html.erb
  Rendering sessions/new.html.erb within layouts/application
  Rendered sessions/new.html.erb within layouts/application (Duration: 5.3ms | GC: 0.7ms)
  Rendered layout layouts/application.html.erb (Duration: 10.8ms | GC: 0.7ms)
Completed 422 Unprocessable Content in 72ms (Views: 14.1ms | ActiveRecord: 21.5ms (1 query, 0 cached) | GC: 0.7ms)


  [1m[36mUser Load (0.2ms)[0m  [1m[34mSELECT "users".* FROM "users" WHERE "users"."email" = 'admin@unb.br' LIMIT 1 /*application='Camaar'*/[0m
  [1m[36mTRANSACTION (0.1ms)[0m  [1m[35mBEGIN immediate TRANSACTION /*application='Camaar'*/[0m
  [1m[36mUser Create (2.5ms)[0m  [1m[32mINSERT INTO "users" ("name", "email", "password_digest", "created_at", "updated_at", "role") VALUES ('Admin', 'admin@unb.br', '$2a$12$ZltuV/AXNiYtHxYMfnt2g.KNrLe.B3/LL31IzBHuqTdZkwGoooehi', '2025-07-08 20:03:56.358548', '2025-07-08 20:03:56.358548', NULL) RETURNING "id" /*application='Camaar'*/[0m
  [1m[36mTRANSACTION (1.0ms)[0m  [1m[35mCOMMIT TRANSACTION /*application='Camaar'*/[0m
  [1m[36mUser Load (0.4ms)[0m  [1m[34mSELECT "users".* FROM "users" ORDER BY "users"."id" ASC LIMIT 1 /*application='Camaar'*/[0m
  [1m[36mTRANSACTION (9.2ms)[0m  [1m[35mBEGIN immediate TRANSACTION /*application='Camaar'*/[0m
  [1m[36mUser Update (12.7ms)[0m  [1m[33mUPDATE "users" SET "updated_at" = '2025-07-08 20:05:44.476603', "role" = NULL WHERE "users"."id" = 1 /*application='Camaar'*/[0m
  [1m[36mTRANSACTION (0.2ms)[0m  [1m[35mCOMMIT TRANSACTION /*application='Camaar'*/[0m
Started GET "/" for 127.0.0.1 at 2025-07-08 17:15:24 -0300
  [1m[36mActiveRecord::SchemaMigration Load (1.0ms)[0m  [1m[34mSELECT "schema_migrations"."version" FROM "schema_migrations" ORDER BY "schema_migrations"."version" ASC /*application='Camaar'*/[0m
Processing by SessionsController#new as HTML
  Rendering layout layouts/application.html.erb
  Rendering sessions/new.html.erb within layouts/application
  Rendered sessions/new.html.erb within layouts/application (Duration: 38.1ms | GC: 0.0ms)
  Rendered layout layouts/application.html.erb (Duration: 96.5ms | GC: 0.0ms)
Completed 200 OK in 238ms (Views: 118.6ms | ActiveRecord: 0.0ms (0 queries, 0 cached) | GC: 1.6ms)


Started GET "/dashboard" for 127.0.0.1 at 2025-07-08 17:15:29 -0300
  
ActionController::RoutingError (No route matches [GET] "/dashboard"):
  
Started GET "/favicon.ico" for 127.0.0.1 at 2025-07-08 17:15:30 -0300
  
ActionController::RoutingError (No route matches [GET] "/favicon.ico"):
  
Started POST "/login" for 127.0.0.1 at 2025-07-08 17:15:51 -0300
Processing by SessionsController#create as TURBO_STREAM
  Parameters: {"authenticity_token"=>"[FILTERED]", "email"=>"[FILTERED]", "password"=>"[FILTERED]", "commit"=>"Entrar"}
Completed 500 Internal Server Error in 42ms (ActiveRecord: 0.0ms (0 queries, 0 cached) | GC: 0.6ms)


  
ArgumentError (wrong number of arguments (given 0, expected 1..2)):
  
app/models/user.rb:4:in `<class:User>'
app/models/user.rb:1:in `<main>'
app/controllers/sessions_controller.rb:6:in `create'
Started GET "/admin/dashboard" for 127.0.0.1 at 2025-07-08 17:16:00 -0300
Processing by Admin::DashboardController#show as HTML
  Rendering layout layouts/application.html.erb
  Rendering admin/dashboard/show.html.erb within layouts/application
  Rendered admin/dashboard/show.html.erb within layouts/application (Duration: 7.2ms | GC: 0.0ms)
  Rendered layout layouts/application.html.erb (Duration: 33.9ms | GC: 0.0ms)
Completed 200 OK in 160ms (Views: 45.8ms | ActiveRecord: 0.0ms (0 queries, 0 cached) | GC: 0.0ms)


Started GET "/admin/templates" for 127.0.0.1 at 2025-07-08 17:16:02 -0300
Processing by Admin::TemplatesController#index as HTML
  Rendering layout layouts/application.html.erb
  Rendering admin/templates/index.html.erb within layouts/application
  Rendered admin/templates/index.html.erb within layouts/application (Duration: 2.8ms | GC: 0.0ms)
  Rendered layout layouts/application.html.erb (Duration: 15.8ms | GC: 0.6ms)
Completed 200 OK in 49ms (Views: 18.4ms | ActiveRecord: 0.0ms (0 queries, 0 cached) | GC: 0.6ms)


  [1m[36mActiveRecord::InternalMetadata Load (0.2ms)[0m  [1m[34mSELECT * FROM "ar_internal_metadata" WHERE "ar_internal_metadata"."key" = 'environment' ORDER BY "ar_internal_metadata"."key" ASC LIMIT 1 /*application='Camaar'*/[0m
  [1m[36mActiveRecord::SchemaMigration Load (0.1ms)[0m  [1m[34mSELECT "schema_migrations"."version" FROM "schema_migrations" ORDER BY "schema_migrations"."version" ASC /*application='Camaar'*/[0m
Migrating to CreateTemplates (20250708202720)
  [1m[36mTRANSACTION (0.2ms)[0m  [1m[35mBEGIN immediate TRANSACTION /*application='Camaar'*/[0m
  [1m[35m (6.5ms)[0m  [1m[35mCREATE TABLE "templates" ("id" integer PRIMARY KEY AUTOINCREMENT NOT NULL, "title" varchar, "description" text, "created_at" datetime(6) NOT NULL, "updated_at" datetime(6) NOT NULL) /*application='Camaar'*/[0m
  [1m[36mActiveRecord::SchemaMigration Create (0.2ms)[0m  [1m[32mINSERT INTO "schema_migrations" ("version") VALUES ('20250708202720') RETURNING "version" /*application='Camaar'*/[0m
  [1m[36mTRANSACTION (2.2ms)[0m  [1m[35mCOMMIT TRANSACTION /*application='Camaar'*/[0m
  [1m[36mActiveRecord::SchemaMigration Load (0.3ms)[0m  [1m[34mSELECT "schema_migrations"."version" FROM "schema_migrations" ORDER BY "schema_migrations"."version" ASC /*application='Camaar'*/[0m
  [1m[36mActiveRecord::SchemaMigration Load (1.7ms)[0m  [1m[34mSELECT "schema_migrations"."version" FROM "schema_migrations" ORDER BY "schema_migrations"."version" ASC /*application='Camaar'*/[0m
  [1m[36mActiveRecord::InternalMetadata Load (0.2ms)[0m  [1m[34mSELECT * FROM "ar_internal_metadata" WHERE "ar_internal_metadata"."key" = 'environment' ORDER BY "ar_internal_metadata"."key" ASC LIMIT 1 /*application='Camaar'*/[0m
  [1m[36mActiveRecord::SchemaMigration Load (2.6ms)[0m  [1m[34mSELECT "schema_migrations"."version" FROM "schema_migrations" ORDER BY "schema_migrations"."version" ASC /*application='Camaar'*/[0m
  [1m[36mActiveRecord::InternalMetadata Load (0.3ms)[0m  [1m[34mSELECT * FROM "ar_internal_metadata" WHERE "ar_internal_metadata"."key" = 'environment' ORDER BY "ar_internal_metadata"."key" ASC LIMIT 1 /*application='Camaar'*/[0m
  [1m[36mActiveRecord::SchemaMigration Load (0.3ms)[0m  [1m[34mSELECT "schema_migrations"."version" FROM "schema_migrations" ORDER BY "schema_migrations"."version" ASC /*application='Camaar'*/[0m
  [1m[36mActiveRecord::InternalMetadata Load (0.1ms)[0m  [1m[34mSELECT * FROM "ar_internal_metadata" WHERE "ar_internal_metadata"."key" = 'environment' ORDER BY "ar_internal_metadata"."key" ASC LIMIT 1 /*application='Camaar'*/[0m
  [1m[35m (0.8ms)[0m  [1m[35mDROP TABLE IF EXISTS "answers" /*application='Camaar'*/[0m
  [1m[35m (2.5ms)[0m  [1m[35mCREATE TABLE "answers" ("id" integer PRIMARY KEY AUTOINCREMENT NOT NULL, "user_id" integer NOT NULL, "question_id" integer NOT NULL, "content" text, "created_at" datetime(6) NOT NULL, "updated_at" datetime(6) NOT NULL) /*application='Camaar'*/[0m
  [1m[35m (0.2ms)[0m  [1m[35mCREATE INDEX "index_answers_on_question_id" ON "answers" ("question_id") /*application='Camaar'*/[0m
  [1m[35m (0.2ms)[0m  [1m[35mCREATE INDEX "index_answers_on_user_id" ON "answers" ("user_id") /*application='Camaar'*/[0m
  [1m[35m (0.1ms)[0m  [1m[35mDROP TABLE IF EXISTS "questionnaires" /*application='Camaar'*/[0m
  [1m[35m (0.2ms)[0m  [1m[35mCREATE TABLE "questionnaires" ("id" integer PRIMARY KEY AUTOINCREMENT NOT NULL, "title" varchar, "description" text, "active" boolean, "created_at" datetime(6) NOT NULL, "updated_at" datetime(6) NOT NULL) /*application='Camaar'*/[0m
  [1m[35m (0.1ms)[0m  [1m[35mDROP TABLE IF EXISTS "questions" /*application='Camaar'*/[0m
  [1m[35m (0.2ms)[0m  [1m[35mCREATE TABLE "questions" ("id" integer PRIMARY KEY AUTOINCREMENT NOT NULL, "questionnaire_id" integer NOT NULL, "content" varchar, "created_at" datetime(6) NOT NULL, "updated_at" datetime(6) NOT NULL) /*application='Camaar'*/[0m
  [1m[35m (0.2ms)[0m  [1m[35mCREATE INDEX "index_questions_on_questionnaire_id" ON "questions" ("questionnaire_id") /*application='Camaar'*/[0m
  [1m[35m (0.1ms)[0m  [1m[35mDROP TABLE IF EXISTS "templates" /*application='Camaar'*/[0m
  [1m[35m (0.2ms)[0m  [1m[35mCREATE TABLE "templates" ("id" integer PRIMARY KEY AUTOINCREMENT NOT NULL, "title" varchar, "description" text, "created_at" datetime(6) NOT NULL, "updated_at" datetime(6) NOT NULL) /*application='Camaar'*/[0m
  [1m[35m (0.0ms)[0m  [1m[35mDROP TABLE IF EXISTS "users" /*application='Camaar'*/[0m
  [1m[35m (0.2ms)[0m  [1m[35mCREATE TABLE "users" ("id" integer PRIMARY KEY AUTOINCREMENT NOT NULL, "name" varchar, "email" varchar, "password_digest" varchar, "created_at" datetime(6) NOT NULL, "updated_at" datetime(6) NOT NULL, "role" integer DEFAULT 0) /*application='Camaar'*/[0m
  [1m[36mTRANSACTION (1.4ms)[0m  [1m[35mBEGIN immediate TRANSACTION /*application='Camaar'*/[0m
  [1m[35mSQL (4.3ms)[0m  [1m[35mPRAGMA foreign_keys /*application='Camaar'*/[0m
  [1m[35mSQL (0.2ms)[0m  [1m[35mPRAGMA defer_foreign_keys /*application='Camaar'*/[0m
  [1m[35m (0.0ms)[0m  [1m[35mPRAGMA defer_foreign_keys = ON /*application='Camaar'*/[0m
  [1m[35m (0.0ms)[0m  [1m[35mPRAGMA foreign_keys = OFF /*application='Camaar'*/[0m
  [1m[35m (0.1ms)[0m  [1m[35mCREATE TEMPORARY TABLE "aanswers" ("id" integer PRIMARY KEY AUTOINCREMENT NOT NULL, "user_id" integer NOT NULL, "question_id" integer NOT NULL, "content" text, "created_at" datetime(6) NOT NULL, "updated_at" datetime(6) NOT NULL) /*application='Camaar'*/[0m
  [1m[35m (0.1ms)[0m  [1m[35mCREATE INDEX "tindex_aanswers_on_user_id" ON "aanswers" ("user_id") /*application='Camaar'*/[0m
  [1m[35m (0.1ms)[0m  [1m[35mCREATE INDEX "tindex_aanswers_on_question_id" ON "aanswers" ("question_id") /*application='Camaar'*/[0m
  [1m[35mSQL (0.1ms)[0m  [1m[32mINSERT INTO "aanswers" ("id","user_id","question_id","content","created_at","updated_at")
                     SELECT "id","user_id","question_id","content","created_at","updated_at" FROM "answers" /*application='Camaar'*/[0m
  [1m[35m (0.2ms)[0m  [1m[35mDROP TABLE "answers" /*application='Camaar'*/[0m
  [1m[35m (0.2ms)[0m  [1m[35mCREATE TABLE "answers" ("id" integer PRIMARY KEY AUTOINCREMENT NOT NULL, "user_id" integer NOT NULL, "question_id" integer NOT NULL, "content" text, "created_at" datetime(6) NOT NULL, "updated_at" datetime(6) NOT NULL, CONSTRAINT "fk_rails_3d5ed4418f"
FOREIGN KEY ("question_id")
  REFERENCES "questions" ("id")
) /*application='Camaar'*/[0m
  [1m[35m (0.1ms)[0m  [1m[35mCREATE INDEX "index_answers_on_question_id" ON "answers" ("question_id") /*application='Camaar'*/[0m
  [1m[35m (0.1ms)[0m  [1m[35mCREATE INDEX "index_answers_on_user_id" ON "answers" ("user_id") /*application='Camaar'*/[0m
  [1m[35mSQL (0.0ms)[0m  [1m[32mINSERT INTO "answers" ("id","user_id","question_id","content","created_at","updated_at")
                     SELECT "id","user_id","question_id","content","created_at","updated_at" FROM "aanswers" /*application='Camaar'*/[0m
  [1m[35m (0.1ms)[0m  [1m[35mDROP TABLE "aanswers" /*application='Camaar'*/[0m
  [1m[35m (0.0ms)[0m  [1m[35mPRAGMA defer_foreign_keys = 0 /*application='Camaar'*/[0m
  [1m[35m (0.0ms)[0m  [1m[35mPRAGMA foreign_keys = 1 /*application='Camaar'*/[0m
  [1m[36mTRANSACTION (0.2ms)[0m  [1m[35mCOMMIT TRANSACTION /*application='Camaar'*/[0m
  [1m[36mTRANSACTION (0.0ms)[0m  [1m[35mBEGIN immediate TRANSACTION /*application='Camaar'*/[0m
  [1m[35mSQL (0.9ms)[0m  [1m[35mPRAGMA foreign_keys /*application='Camaar'*/[0m
  [1m[35mSQL (0.0ms)[0m  [1m[35mPRAGMA defer_foreign_keys /*application='Camaar'*/[0m
  [1m[35m (0.0ms)[0m  [1m[35mPRAGMA defer_foreign_keys = ON /*application='Camaar'*/[0m
  [1m[35m (0.0ms)[0m  [1m[35mPRAGMA foreign_keys = OFF /*application='Camaar'*/[0m
  [1m[35m (0.1ms)[0m  [1m[35mCREATE TEMPORARY TABLE "aanswers" ("id" integer PRIMARY KEY AUTOINCREMENT NOT NULL, "user_id" integer NOT NULL, "question_id" integer NOT NULL, "content" text, "created_at" datetime(6) NOT NULL, "updated_at" datetime(6) NOT NULL) /*application='Camaar'*/[0m
  [1m[35m (0.1ms)[0m  [1m[35mCREATE INDEX "tindex_aanswers_on_user_id" ON "aanswers" ("user_id") /*application='Camaar'*/[0m
  [1m[35m (0.1ms)[0m  [1m[35mCREATE INDEX "tindex_aanswers_on_question_id" ON "aanswers" ("question_id") /*application='Camaar'*/[0m
  [1m[35mSQL (0.1ms)[0m  [1m[32mINSERT INTO "aanswers" ("id","user_id","question_id","content","created_at","updated_at")
                     SELECT "id","user_id","question_id","content","created_at","updated_at" FROM "answers" /*application='Camaar'*/[0m
  [1m[35m (0.1ms)[0m  [1m[35mDROP TABLE "answers" /*application='Camaar'*/[0m
  [1m[35m (0.2ms)[0m  [1m[35mCREATE TABLE "answers" ("id" integer PRIMARY KEY AUTOINCREMENT NOT NULL, "user_id" integer NOT NULL, "question_id" integer NOT NULL, "content" text, "created_at" datetime(6) NOT NULL, "updated_at" datetime(6) NOT NULL, CONSTRAINT "fk_rails_3d5ed4418f"
FOREIGN KEY ("question_id")
  REFERENCES "questions" ("id")
, CONSTRAINT "fk_rails_584be190c2"
FOREIGN KEY ("user_id")
  REFERENCES "users" ("id")
) /*application='Camaar'*/[0m
  [1m[35m (0.1ms)[0m  [1m[35mCREATE INDEX "index_answers_on_question_id" ON "answers" ("question_id") /*application='Camaar'*/[0m
  [1m[35m (0.1ms)[0m  [1m[35mCREATE INDEX "index_answers_on_user_id" ON "answers" ("user_id") /*application='Camaar'*/[0m
  [1m[35mSQL (0.0ms)[0m  [1m[32mINSERT INTO "answers" ("id","user_id","question_id","content","created_at","updated_at")
                     SELECT "id","user_id","question_id","content","created_at","updated_at" FROM "aanswers" /*application='Camaar'*/[0m
  [1m[35m (0.1ms)[0m  [1m[35mDROP TABLE "aanswers" /*application='Camaar'*/[0m
  [1m[35m (0.0ms)[0m  [1m[35mPRAGMA defer_foreign_keys = 0 /*application='Camaar'*/[0m
  [1m[35m (0.1ms)[0m  [1m[35mPRAGMA foreign_keys = 1 /*application='Camaar'*/[0m
  [1m[36mTRANSACTION (0.1ms)[0m  [1m[35mCOMMIT TRANSACTION /*application='Camaar'*/[0m
  [1m[36mTRANSACTION (0.0ms)[0m  [1m[35mBEGIN immediate TRANSACTION /*application='Camaar'*/[0m
  [1m[35mSQL (0.8ms)[0m  [1m[35mPRAGMA foreign_keys /*application='Camaar'*/[0m
  [1m[35mSQL (0.0ms)[0m  [1m[35mPRAGMA defer_foreign_keys /*application='Camaar'*/[0m
  [1m[35m (0.0ms)[0m  [1m[35mPRAGMA defer_foreign_keys = ON /*application='Camaar'*/[0m
  [1m[35m (0.0ms)[0m  [1m[35mPRAGMA foreign_keys = OFF /*application='Camaar'*/[0m
  [1m[35m (0.1ms)[0m  [1m[35mCREATE TEMPORARY TABLE "aquestions" ("id" integer PRIMARY KEY AUTOINCREMENT NOT NULL, "questionnaire_id" integer NOT NULL, "content" varchar, "created_at" datetime(6) NOT NULL, "updated_at" datetime(6) NOT NULL) /*application='Camaar'*/[0m
  [1m[35m (0.5ms)[0m  [1m[35mCREATE INDEX "tindex_aquestions_on_questionnaire_id" ON "aquestions" ("questionnaire_id") /*application='Camaar'*/[0m
  [1m[35mSQL (0.0ms)[0m  [1m[32mINSERT INTO "aquestions" ("id","questionnaire_id","content","created_at","updated_at")
                     SELECT "id","questionnaire_id","content","created_at","updated_at" FROM "questions" /*application='Camaar'*/[0m
  [1m[35m (0.1ms)[0m  [1m[35mDROP TABLE "questions" /*application='Camaar'*/[0m
  [1m[35m (0.2ms)[0m  [1m[35mCREATE TABLE "questions" ("id" integer PRIMARY KEY AUTOINCREMENT NOT NULL, "questionnaire_id" integer NOT NULL, "content" varchar, "created_at" datetime(6) NOT NULL, "updated_at" datetime(6) NOT NULL, CONSTRAINT "fk_rails_8c4848c0c5"
FOREIGN KEY ("questionnaire_id")
  REFERENCES "questionnaires" ("id")
) /*application='Camaar'*/[0m
  [1m[35m (0.1ms)[0m  [1m[35mCREATE INDEX "index_questions_on_questionnaire_id" ON "questions" ("questionnaire_id") /*application='Camaar'*/[0m
  [1m[35mSQL (0.1ms)[0m  [1m[32mINSERT INTO "questions" ("id","questionnaire_id","content","created_at","updated_at")
                     SELECT "id","questionnaire_id","content","created_at","updated_at" FROM "aquestions" /*application='Camaar'*/[0m
  [1m[35m (0.1ms)[0m  [1m[35mDROP TABLE "aquestions" /*application='Camaar'*/[0m
  [1m[35m (0.0ms)[0m  [1m[35mPRAGMA defer_foreign_keys = 0 /*application='Camaar'*/[0m
  [1m[35m (0.0ms)[0m  [1m[35mPRAGMA foreign_keys = 1 /*application='Camaar'*/[0m
  [1m[36mTRANSACTION (0.2ms)[0m  [1m[35mCOMMIT TRANSACTION /*application='Camaar'*/[0m
  [1m[35m (0.2ms)[0m  [1m[35mCREATE TABLE "schema_migrations" ("version" varchar NOT NULL PRIMARY KEY) /*application='Camaar'*/[0m
  [1m[36mActiveRecord::SchemaMigration Load (0.1ms)[0m  [1m[34mSELECT "schema_migrations"."version" FROM "schema_migrations" ORDER BY "schema_migrations"."version" ASC /*application='Camaar'*/[0m
  [1m[35m (0.1ms)[0m  [1m[32mINSERT INTO "schema_migrations" (version) VALUES (20250708202720) /*application='Camaar'*/[0m
  [1m[35m (0.4ms)[0m  [1m[32mINSERT INTO "schema_migrations" (version) VALUES
(20250708182008),
(20250708182002),
(20250708181955),
(20250708181939); /*application='Camaar'*/[0m
  [1m[35m (0.2ms)[0m  [1m[35mCREATE TABLE "ar_internal_metadata" ("key" varchar NOT NULL PRIMARY KEY, "value" varchar, "created_at" datetime(6) NOT NULL, "updated_at" datetime(6) NOT NULL) /*application='Camaar'*/[0m
  [1m[36mActiveRecord::InternalMetadata Load (0.1ms)[0m  [1m[34mSELECT * FROM "ar_internal_metadata" WHERE "ar_internal_metadata"."key" = 'environment' ORDER BY "ar_internal_metadata"."key" ASC LIMIT 1 /*application='Camaar'*/[0m
  [1m[36mActiveRecord::InternalMetadata Create (0.2ms)[0m  [1m[32mINSERT INTO "ar_internal_metadata" ("key", "value", "created_at", "updated_at") VALUES ('environment', 'development', '2025-07-08 20:34:53.160712', '2025-07-08 20:34:53.160715') RETURNING "key" /*application='Camaar'*/[0m
  [1m[36mActiveRecord::InternalMetadata Load (0.0ms)[0m  [1m[34mSELECT * FROM "ar_internal_metadata" WHERE "ar_internal_metadata"."key" = 'environment' ORDER BY "ar_internal_metadata"."key" ASC LIMIT 1 /*application='Camaar'*/[0m
  [1m[36mActiveRecord::InternalMetadata Update (0.1ms)[0m  [1m[33mUPDATE "ar_internal_metadata" SET "value" = 'test', "updated_at" = '2025-07-08 20:34:53.165770' WHERE "ar_internal_metadata"."key" = 'environment' /*application='Camaar'*/[0m
  [1m[36mActiveRecord::InternalMetadata Load (0.1ms)[0m  [1m[34mSELECT * FROM "ar_internal_metadata" WHERE "ar_internal_metadata"."key" = 'schema_sha1' ORDER BY "ar_internal_metadata"."key" ASC LIMIT 1 /*application='Camaar'*/[0m
  [1m[36mActiveRecord::InternalMetadata Create (0.1ms)[0m  [1m[32mINSERT INTO "ar_internal_metadata" ("key", "value", "created_at", "updated_at") VALUES ('schema_sha1', '99a15e9006ab6b8fd4f932c6dfcadffd86ae1d11', '2025-07-08 20:34:53.167849', '2025-07-08 20:34:53.167852') RETURNING "key" /*application='Camaar'*/[0m
